<?xml version="1.0" encoding="UTF-8"?>
<testsuite xmlns:xsi="http://www.w3.org/2001/XMLSchema-instance" xsi:noNamespaceSchemaLocation="https://maven.apache.org/surefire/maven-surefire-plugin/xsd/surefire-test-report.xsd" name="lab6.CarControllerTest" time="5.753" tests="1" errors="1" skipped="0" failures="0">
  <properties>
[...]
</properties>
  <testcase name="lab6.CarControllerTest" classname="lab6.CarControllerTest" time="5.752">
    <error message="Could not find a valid Docker environment. Please see logs and check configuration" type="java.lang.IllegalStateException">java.lang.IllegalStateException: Could not find a valid Docker environment. Please see logs and check configuration
</error>
    <system-out><![CDATA[14:33:46.317 [main] DEBUG org.testcontainers.utility.TestcontainersConfiguration - Testcontainers configuration overrides will be loaded from file:/home/leandro/.testcontainers.properties
14:33:46.330 [main] WARN org.testcontainers.utility.TestcontainersConfiguration - Attempted to read Testcontainers configuration file at file:/home/leandro/.testcontainers.properties but the file was not found. Exception message: FileNotFoundException: /home/leandro/.testcontainers.properties (Ficheiro ou pasta inexistente)
14:33:46.340 [main] DEBUG org.testcontainers.dockerclient.RootlessDockerClientProviderStrategy - $XDG_RUNTIME_DIR is set but '/run/user/1000/docker.sock' does not exist.
14:33:46.340 [main] DEBUG org.testcontainers.dockerclient.RootlessDockerClientProviderStrategy - '/home/leandro/.docker/run' does not exist.
14:33:46.369 [main] DEBUG org.testcontainers.dockerclient.RootlessDockerClientProviderStrategy - '/run/user/1000/docker.sock' does not exist.
14:33:46.369 [main] DEBUG org.testcontainers.dockerclient.DockerClientProviderStrategy - Trying out strategy: UnixSocketClientProviderStrategy
14:33:46.563 [ducttape-0] DEBUG org.testcontainers.dockerclient.DockerClientProviderStrategy - Pinging docker daemon...
14:33:46.582 [ducttape-0] DEBUG org.testcontainers.shaded.com.github.dockerjava.core.command.AbstrDockerCmd - Cmd: 
14:33:46.601 [ducttape-0] DEBUG com.github.dockerjava.zerodep.shaded.org.apache.hc.client5.http.impl.classic.InternalHttpClient - ex-00000001: preparing request execution
14:33:46.605 [ducttape-0] DEBUG com.github.dockerjava.zerodep.shaded.org.apache.hc.client5.http.protocol.RequestAddCookies - Cookie spec selected: strict
14:33:46.610 [ducttape-0] DEBUG com.github.dockerjava.zerodep.shaded.org.apache.hc.client5.http.protocol.RequestAuthCache - Auth cache not set in the context
14:33:46.610 [ducttape-0] DEBUG com.github.dockerjava.zerodep.shaded.org.apache.hc.client5.http.impl.classic.ProtocolExec - ex-00000001: target auth state: UNCHALLENGED
14:33:46.611 [ducttape-0] DEBUG com.github.dockerjava.zerodep.shaded.org.apache.hc.client5.http.impl.classic.ProtocolExec - ex-00000001: proxy auth state: UNCHALLENGED
14:33:46.611 [ducttape-0] DEBUG com.github.dockerjava.zerodep.shaded.org.apache.hc.client5.http.impl.classic.ConnectExec - ex-00000001: acquiring connection with route {}->unix://localhost:2375
14:33:46.611 [ducttape-0] DEBUG com.github.dockerjava.zerodep.shaded.org.apache.hc.client5.http.impl.classic.InternalHttpClient - ex-00000001: acquiring endpoint (3 MINUTES)
14:33:46.613 [ducttape-0] DEBUG com.github.dockerjava.zerodep.shaded.org.apache.hc.client5.http.impl.io.PoolingHttpClientConnectionManager - ex-00000001: endpoint lease request (3 MINUTES) [route: {}->unix://localhost:2375][total available: 0; route allocated: 0 of 2147483647; total allocated: 0 of 2147483647]
14:33:46.618 [ducttape-0] DEBUG com.github.dockerjava.zerodep.shaded.org.apache.hc.client5.http.impl.io.PoolingHttpClientConnectionManager - ex-00000001: endpoint leased [route: {}->unix://localhost:2375][total available: 0; route allocated: 1 of 2147483647; total allocated: 1 of 2147483647]
14:33:46.634 [ducttape-0] DEBUG com.github.dockerjava.zerodep.shaded.org.apache.hc.client5.http.impl.io.PoolingHttpClientConnectionManager - ex-00000001: acquired ep-00000000
14:33:46.634 [ducttape-0] DEBUG com.github.dockerjava.zerodep.shaded.org.apache.hc.client5.http.impl.classic.InternalHttpClient - ex-00000001: acquired endpoint ep-00000000
14:33:46.634 [ducttape-0] DEBUG com.github.dockerjava.zerodep.shaded.org.apache.hc.client5.http.impl.classic.ConnectExec - ex-00000001: opening connection {}->unix://localhost:2375
14:33:46.636 [ducttape-0] DEBUG com.github.dockerjava.zerodep.shaded.org.apache.hc.client5.http.impl.classic.InternalHttpClient - ep-00000000: connecting endpoint (3 MINUTES)
14:33:46.636 [ducttape-0] DEBUG com.github.dockerjava.zerodep.shaded.org.apache.hc.client5.http.impl.io.PoolingHttpClientConnectionManager - ep-00000000: connecting endpoint to unix://localhost:2375 (3 MINUTES)
14:33:46.671 [ducttape-0] DEBUG com.github.dockerjava.zerodep.shaded.org.apache.hc.client5.http.impl.io.DefaultManagedHttpClientConnection - http-outgoing-0: close connection IMMEDIATE
14:33:46.671 [ducttape-0] DEBUG com.github.dockerjava.zerodep.shaded.org.apache.hc.client5.http.impl.classic.InternalHttpClient - ep-00000000: endpoint closed
14:33:46.671 [ducttape-0] DEBUG com.github.dockerjava.zerodep.shaded.org.apache.hc.client5.http.impl.classic.InternalHttpClient - ep-00000000: discarding endpoint
14:33:46.671 [ducttape-0] DEBUG com.github.dockerjava.zerodep.shaded.org.apache.hc.client5.http.impl.io.PoolingHttpClientConnectionManager - ep-00000000: releasing endpoint
14:33:46.671 [ducttape-0] DEBUG com.github.dockerjava.zerodep.shaded.org.apache.hc.client5.http.impl.io.PoolingHttpClientConnectionManager - ep-00000000: connection is not kept alive
14:33:46.671 [ducttape-0] DEBUG com.github.dockerjava.zerodep.shaded.org.apache.hc.client5.http.impl.io.PoolingHttpClientConnectionManager - ep-00000000: connection released [route: {}->unix://localhost:2375][total available: 0; route allocated: 0 of 2147483647; total allocated: 0 of 2147483647]
14:33:46.675 [ducttape-0] DEBUG com.github.dockerjava.zerodep.shaded.org.apache.hc.client5.http.impl.classic.HttpRequestRetryExec - ex-00000001: com.sun.jna.LastErrorException: [13] Permissão recusada
java.io.IOException: com.sun.jna.LastErrorException: [13] Permissão recusada
	at com.github.dockerjava.transport.DomainSocket.<init>(DomainSocket.java:63)
	at com.github.dockerjava.transport.LinuxDomainSocket.<init>(LinuxDomainSocket.java:41)
	at com.github.dockerjava.transport.DomainSocket.get(DomainSocket.java:140)
	at com.github.dockerjava.transport.UnixSocket.get(UnixSocket.java:27)
	at com.github.dockerjava.zerodep.ApacheDockerHttpClientImpl$2.createSocket(ApacheDockerHttpClientImpl.java:145)
	at com.github.dockerjava.zerodep.shaded.org.apache.hc.client5.http.impl.io.DefaultHttpClientConnectionOperator.connect(DefaultHttpClientConnectionOperator.java:125)
	at com.github.dockerjava.zerodep.shaded.org.apache.hc.client5.http.impl.io.PoolingHttpClientConnectionManager.connect(PoolingHttpClientConnectionManager.java:409)
	at com.github.dockerjava.zerodep.shaded.org.apache.hc.client5.http.impl.classic.InternalExecRuntime.connectEndpoint(InternalExecRuntime.java:164)
	at com.github.dockerjava.zerodep.shaded.org.apache.hc.client5.http.impl.classic.InternalExecRuntime.connectEndpoint(InternalExecRuntime.java:174)
	at com.github.dockerjava.zerodep.shaded.org.apache.hc.client5.http.impl.classic.ConnectExec.execute(ConnectExec.java:135)
	at com.github.dockerjava.zerodep.shaded.org.apache.hc.client5.http.impl.classic.ExecChainElement.execute(ExecChainElement.java:51)
	at com.github.dockerjava.zerodep.shaded.org.apache.hc.client5.http.impl.classic.ExecChainElement$1.proceed(ExecChainElement.java:57)
	at com.github.dockerjava.zerodep.shaded.org.apache.hc.client5.http.impl.classic.ProtocolExec.execute(ProtocolExec.java:172)
	at com.github.dockerjava.zerodep.shaded.org.apache.hc.client5.http.impl.classic.ExecChainElement.execute(ExecChainElement.java:51)
	at com.github.dockerjava.zerodep.shaded.org.apache.hc.client5.http.impl.classic.ExecChainElement$1.proceed(ExecChainElement.java:57)
	at com.github.dockerjava.zerodep.shaded.org.apache.hc.client5.http.impl.classic.HttpRequestRetryExec.execute(HttpRequestRetryExec.java:93)
	at com.github.dockerjava.zerodep.shaded.org.apache.hc.client5.http.impl.classic.ExecChainElement.execute(ExecChainElement.java:51)
	at com.github.dockerjava.zerodep.shaded.org.apache.hc.client5.http.impl.classic.ExecChainElement$1.proceed(ExecChainElement.java:57)
	at com.github.dockerjava.zerodep.shaded.org.apache.hc.client5.http.impl.classic.ContentCompressionExec.execute(ContentCompressionExec.java:128)
	at com.github.dockerjava.zerodep.shaded.org.apache.hc.client5.http.impl.classic.ExecChainElement.execute(ExecChainElement.java:51)
	at com.github.dockerjava.zerodep.shaded.org.apache.hc.client5.http.impl.classic.ExecChainElement$1.proceed(ExecChainElement.java:57)
	at com.github.dockerjava.zerodep.shaded.org.apache.hc.client5.http.impl.classic.RedirectExec.execute(RedirectExec.java:116)
	at com.github.dockerjava.zerodep.shaded.org.apache.hc.client5.http.impl.classic.ExecChainElement.execute(ExecChainElement.java:51)
	at com.github.dockerjava.zerodep.shaded.org.apache.hc.client5.http.impl.classic.InternalHttpClient.doExecute(InternalHttpClient.java:178)
	at com.github.dockerjava.zerodep.shaded.org.apache.hc.client5.http.impl.classic.CloseableHttpClient.execute(CloseableHttpClient.java:67)
	at com.github.dockerjava.zerodep.ApacheDockerHttpClientImpl.execute(ApacheDockerHttpClientImpl.java:183)
	at com.github.dockerjava.zerodep.ZerodepDockerHttpClient.execute(ZerodepDockerHttpClient.java:8)
	at org.testcontainers.shaded.com.github.dockerjava.core.DefaultInvocationBuilder.execute(DefaultInvocationBuilder.java:228)
	at org.testcontainers.shaded.com.github.dockerjava.core.DefaultInvocationBuilder.get(DefaultInvocationBuilder.java:202)
	at org.testcontainers.shaded.com.github.dockerjava.core.DefaultInvocationBuilder.get(DefaultInvocationBuilder.java:74)
	at org.testcontainers.shaded.com.github.dockerjava.core.exec.InfoCmdExec.exec(InfoCmdExec.java:24)
	at org.testcontainers.shaded.com.github.dockerjava.core.exec.InfoCmdExec.exec(InfoCmdExec.java:14)
	at org.testcontainers.shaded.com.github.dockerjava.core.command.AbstrDockerCmd.exec(AbstrDockerCmd.java:35)
	at org.testcontainers.dockerclient.DockerClientProviderStrategy.lambda$null$5(DockerClientProviderStrategy.java:170)
	at org.rnorth.ducttape.ratelimits.RateLimiter.getWhenReady(RateLimiter.java:51)
	at org.testcontainers.dockerclient.DockerClientProviderStrategy.lambda$tryOutStrategy$6(DockerClientProviderStrategy.java:168)
	at org.rnorth.ducttape.unreliables.Unreliables.lambda$retryUntilSuccess$0(Unreliables.java:43)
	at java.base/java.util.concurrent.FutureTask.run(FutureTask.java:264)
	at java.base/java.util.concurrent.ThreadPoolExecutor.runWorker(ThreadPoolExecutor.java:1128)
	at java.base/java.util.concurrent.ThreadPoolExecutor$Worker.run(ThreadPoolExecutor.java:628)
	at java.base/java.lang.Thread.run(Thread.java:829)
Caused by: com.sun.jna.LastErrorException: [13] Permissão recusada
	at com.github.dockerjava.transport.LinuxDomainSocket.connect(Native Method)
	at com.github.dockerjava.transport.LinuxDomainSocket.connect(LinuxDomainSocket.java:49)
	at com.github.dockerjava.transport.DomainSocket.open(DomainSocket.java:69)
	at com.github.dockerjava.transport.DomainSocket.<init>(DomainSocket.java:59)
	... 40 common frames omitted
14:33:46.676 [ducttape-0] INFO com.github.dockerjava.zerodep.shaded.org.apache.hc.client5.http.impl.classic.HttpRequestRetryExec - Recoverable I/O exception (java.io.IOException) caught when processing request to {}->unix://localhost:2375
14:33:46.677 [ducttape-0] DEBUG com.github.dockerjava.zerodep.shaded.org.apache.hc.client5.http.protocol.RequestAddCookies - Cookie spec selected: strict
14:33:46.677 [ducttape-0] DEBUG com.github.dockerjava.zerodep.shaded.org.apache.hc.client5.http.protocol.RequestAuthCache - Auth cache not set in the context
14:33:46.677 [ducttape-0] DEBUG com.github.dockerjava.zerodep.shaded.org.apache.hc.client5.http.impl.classic.ProtocolExec - ex-00000001: target auth state: UNCHALLENGED
14:33:46.677 [ducttape-0] DEBUG com.github.dockerjava.zerodep.shaded.org.apache.hc.client5.http.impl.classic.ProtocolExec - ex-00000001: proxy auth state: UNCHALLENGED
14:33:46.677 [ducttape-0] DEBUG com.github.dockerjava.zerodep.shaded.org.apache.hc.client5.http.impl.classic.ConnectExec - ex-00000001: acquiring connection with route {}->unix://localhost:2375
14:33:46.677 [ducttape-0] DEBUG com.github.dockerjava.zerodep.shaded.org.apache.hc.client5.http.impl.classic.InternalHttpClient - ex-00000001: acquiring endpoint (3 MINUTES)
14:33:46.678 [ducttape-0] DEBUG com.github.dockerjava.zerodep.shaded.org.apache.hc.client5.http.impl.io.PoolingHttpClientConnectionManager - ex-00000001: endpoint lease request (3 MINUTES) [route: {}->unix://localhost:2375][total available: 0; route allocated: 0 of 2147483647; total allocated: 0 of 2147483647]
14:33:46.678 [ducttape-0] DEBUG com.github.dockerjava.zerodep.shaded.org.apache.hc.client5.http.impl.io.PoolingHttpClientConnectionManager - ex-00000001: endpoint leased [route: {}->unix://localhost:2375][total available: 0; route allocated: 1 of 2147483647; total allocated: 1 of 2147483647]
14:33:46.678 [ducttape-0] DEBUG com.github.dockerjava.zerodep.shaded.org.apache.hc.client5.http.impl.io.PoolingHttpClientConnectionManager - ex-00000001: acquired ep-00000001
14:33:46.679 [ducttape-0] DEBUG com.github.dockerjava.zerodep.shaded.org.apache.hc.client5.http.impl.classic.InternalHttpClient - ex-00000001: acquired endpoint ep-00000001
14:33:46.679 [ducttape-0] DEBUG com.github.dockerjava.zerodep.shaded.org.apache.hc.client5.http.impl.classic.ConnectExec - ex-00000001: opening connection {}->unix://localhost:2375
14:33:46.679 [ducttape-0] DEBUG com.github.dockerjava.zerodep.shaded.org.apache.hc.client5.http.impl.classic.InternalHttpClient - ep-00000001: connecting endpoint (3 MINUTES)
14:33:46.679 [ducttape-0] DEBUG com.github.dockerjava.zerodep.shaded.org.apache.hc.client5.http.impl.io.PoolingHttpClientConnectionManager - ep-00000001: connecting endpoint to unix://localhost:2375 (3 MINUTES)
14:33:46.680 [ducttape-0] DEBUG com.github.dockerjava.zerodep.shaded.org.apache.hc.client5.http.impl.io.DefaultManagedHttpClientConnection - http-outgoing-1: close connection IMMEDIATE
14:33:46.680 [ducttape-0] DEBUG com.github.dockerjava.zerodep.shaded.org.apache.hc.client5.http.impl.classic.InternalHttpClient - ep-00000001: endpoint closed
14:33:46.680 [ducttape-0] DEBUG com.github.dockerjava.zerodep.shaded.org.apache.hc.client5.http.impl.classic.InternalHttpClient - ep-00000001: discarding endpoint
14:33:46.680 [ducttape-0] DEBUG com.github.dockerjava.zerodep.shaded.org.apache.hc.client5.http.impl.io.PoolingHttpClientConnectionManager - ep-00000001: releasing endpoint
14:33:46.681 [ducttape-0] DEBUG com.github.dockerjava.zerodep.shaded.org.apache.hc.client5.http.impl.io.PoolingHttpClientConnectionManager - ep-00000001: connection is not kept alive
14:33:46.681 [ducttape-0] DEBUG com.github.dockerjava.zerodep.shaded.org.apache.hc.client5.http.impl.io.PoolingHttpClientConnectionManager - ep-00000001: connection released [route: {}->unix://localhost:2375][total available: 0; route allocated: 0 of 2147483647; total allocated: 0 of 2147483647]
14:33:46.781 [ducttape-0] DEBUG org.testcontainers.dockerclient.DockerClientProviderStrategy - Pinging docker daemon...
14:33:46.781 [ducttape-0] DEBUG org.testcontainers.shaded.com.github.dockerjava.core.command.AbstrDockerCmd - Cmd: 
14:33:46.782 [ducttape-0] DEBUG com.github.dockerjava.zerodep.shaded.org.apache.hc.client5.http.impl.classic.InternalHttpClient - ex-00000002: preparing request execution
14:33:46.782 [ducttape-0] DEBUG com.github.dockerjava.zerodep.shaded.org.apache.hc.client5.http.protocol.RequestAddCookies - Cookie spec selected: strict
14:33:46.782 [ducttape-0] DEBUG com.github.dockerjava.zerodep.shaded.org.apache.hc.client5.http.protocol.RequestAuthCache - Auth cache not set in the context
14:33:46.783 [ducttape-0] DEBUG com.github.dockerjava.zerodep.shaded.org.apache.hc.client5.http.impl.classic.ProtocolExec - ex-00000002: target auth state: UNCHALLENGED
14:33:46.783 [ducttape-0] DEBUG com.github.dockerjava.zerodep.shaded.org.apache.hc.client5.http.impl.classic.ProtocolExec - ex-00000002: proxy auth state: UNCHALLENGED
14:33:46.783 [ducttape-0] DEBUG com.github.dockerjava.zerodep.shaded.org.apache.hc.client5.http.impl.classic.ConnectExec - ex-00000002: acquiring connection with route {}->unix://localhost:2375
14:33:46.783 [ducttape-0] DEBUG com.github.dockerjava.zerodep.shaded.org.apache.hc.client5.http.impl.classic.InternalHttpClient - ex-00000002: acquiring endpoint (3 MINUTES)
14:33:46.783 [ducttape-0] DEBUG com.github.dockerjava.zerodep.shaded.org.apache.hc.client5.http.impl.io.PoolingHttpClientConnectionManager - ex-00000002: endpoint lease request (3 MINUTES) [route: {}->unix://localhost:2375][total available: 0; route allocated: 0 of 2147483647; total allocated: 0 of 2147483647]
14:33:46.783 [ducttape-0] DEBUG com.github.dockerjava.zerodep.shaded.org.apache.hc.client5.http.impl.io.PoolingHttpClientConnectionManager - ex-00000002: endpoint leased [route: {}->unix://localhost:2375][total available: 0; route allocated: 1 of 2147483647; total allocated: 1 of 2147483647]
14:33:46.783 [ducttape-0] DEBUG com.github.dockerjava.zerodep.shaded.org.apache.hc.client5.http.impl.io.PoolingHttpClientConnectionManager - ex-00000002: acquired ep-00000002
14:33:46.783 [ducttape-0] DEBUG com.github.dockerjava.zerodep.shaded.org.apache.hc.client5.http.impl.classic.InternalHttpClient - ex-00000002: acquired endpoint ep-00000002
14:33:46.783 [ducttape-0] DEBUG com.github.dockerjava.zerodep.shaded.org.apache.hc.client5.http.impl.classic.ConnectExec - ex-00000002: opening connection {}->unix://localhost:2375
14:33:46.783 [ducttape-0] DEBUG com.github.dockerjava.zerodep.shaded.org.apache.hc.client5.http.impl.classic.InternalHttpClient - ep-00000002: connecting endpoint (3 MINUTES)
14:33:46.784 [ducttape-0] DEBUG com.github.dockerjava.zerodep.shaded.org.apache.hc.client5.http.impl.io.PoolingHttpClientConnectionManager - ep-00000002: connecting endpoint to unix://localhost:2375 (3 MINUTES)
14:33:46.784 [ducttape-0] DEBUG com.github.dockerjava.zerodep.shaded.org.apache.hc.client5.http.impl.io.DefaultManagedHttpClientConnection - http-outgoing-2: close connection IMMEDIATE
14:33:46.785 [ducttape-0] DEBUG com.github.dockerjava.zerodep.shaded.org.apache.hc.client5.http.impl.classic.InternalHttpClient - ep-00000002: endpoint closed
14:33:46.785 [ducttape-0] DEBUG com.github.dockerjava.zerodep.shaded.org.apache.hc.client5.http.impl.classic.InternalHttpClient - ep-00000002: discarding endpoint
14:33:46.785 [ducttape-0] DEBUG com.github.dockerjava.zerodep.shaded.org.apache.hc.client5.http.impl.io.PoolingHttpClientConnectionManager - ep-00000002: releasing endpoint
14:33:46.785 [ducttape-0] DEBUG com.github.dockerjava.zerodep.shaded.org.apache.hc.client5.http.impl.io.PoolingHttpClientConnectionManager - ep-00000002: connection is not kept alive
14:33:46.785 [ducttape-0] DEBUG com.github.dockerjava.zerodep.shaded.org.apache.hc.client5.http.impl.io.PoolingHttpClientConnectionManager - ep-00000002: connection released [route: {}->unix://localhost:2375][total available: 0; route allocated: 0 of 2147483647; total allocated: 0 of 2147483647]
14:33:46.785 [ducttape-0] DEBUG com.github.dockerjava.zerodep.shaded.org.apache.hc.client5.http.impl.classic.HttpRequestRetryExec - ex-00000002: com.sun.jna.LastErrorException: [13] Permissão recusada
java.io.IOException: com.sun.jna.LastErrorException: [13] Permissão recusada
	at com.github.dockerjava.transport.DomainSocket.<init>(DomainSocket.java:63)
	at com.github.dockerjava.transport.LinuxDomainSocket.<init>(LinuxDomainSocket.java:41)
	at com.github.dockerjava.transport.DomainSocket.get(DomainSocket.java:140)
	at com.github.dockerjava.transport.UnixSocket.get(UnixSocket.java:27)
	at com.github.dockerjava.zerodep.ApacheDockerHttpClientImpl$2.createSocket(ApacheDockerHttpClientImpl.java:145)
	at com.github.dockerjava.zerodep.shaded.org.apache.hc.client5.http.impl.io.DefaultHttpClientConnectionOperator.connect(DefaultHttpClientConnectionOperator.java:125)
	at com.github.dockerjava.zerodep.shaded.org.apache.hc.client5.http.impl.io.PoolingHttpClientConnectionManager.connect(PoolingHttpClientConnectionManager.java:409)
	at com.github.dockerjava.zerodep.shaded.org.apache.hc.client5.http.impl.classic.InternalExecRuntime.connectEndpoint(InternalExecRuntime.java:164)
	at com.github.dockerjava.zerodep.shaded.org.apache.hc.client5.http.impl.classic.InternalExecRuntime.connectEndpoint(InternalExecRuntime.java:174)
	at com.github.dockerjava.zerodep.shaded.org.apache.hc.client5.http.impl.classic.ConnectExec.execute(ConnectExec.java:135)
	at com.github.dockerjava.zerodep.shaded.org.apache.hc.client5.http.impl.classic.ExecChainElement.execute(ExecChainElement.java:51)
	at com.github.dockerjava.zerodep.shaded.org.apache.hc.client5.http.impl.classic.ExecChainElement$1.proceed(ExecChainElement.java:57)
	at com.github.dockerjava.zerodep.shaded.org.apache.hc.client5.http.impl.classic.ProtocolExec.execute(ProtocolExec.java:172)
	at com.github.dockerjava.zerodep.shaded.org.apache.hc.client5.http.impl.classic.ExecChainElement.execute(ExecChainElement.java:51)
	at com.github.dockerjava.zerodep.shaded.org.apache.hc.client5.http.impl.classic.ExecChainElement$1.proceed(ExecChainElement.java:57)
	at com.github.dockerjava.zerodep.shaded.org.apache.hc.client5.http.impl.classic.HttpRequestRetryExec.execute(HttpRequestRetryExec.java:93)
	at com.github.dockerjava.zerodep.shaded.org.apache.hc.client5.http.impl.classic.ExecChainElement.execute(ExecChainElement.java:51)
	at com.github.dockerjava.zerodep.shaded.org.apache.hc.client5.http.impl.classic.ExecChainElement$1.proceed(ExecChainElement.java:57)
	at com.github.dockerjava.zerodep.shaded.org.apache.hc.client5.http.impl.classic.ContentCompressionExec.execute(ContentCompressionExec.java:128)
	at com.github.dockerjava.zerodep.shaded.org.apache.hc.client5.http.impl.classic.ExecChainElement.execute(ExecChainElement.java:51)
	at com.github.dockerjava.zerodep.shaded.org.apache.hc.client5.http.impl.classic.ExecChainElement$1.proceed(ExecChainElement.java:57)
	at com.github.dockerjava.zerodep.shaded.org.apache.hc.client5.http.impl.classic.RedirectExec.execute(RedirectExec.java:116)
	at com.github.dockerjava.zerodep.shaded.org.apache.hc.client5.http.impl.classic.ExecChainElement.execute(ExecChainElement.java:51)
	at com.github.dockerjava.zerodep.shaded.org.apache.hc.client5.http.impl.classic.InternalHttpClient.doExecute(InternalHttpClient.java:178)
	at com.github.dockerjava.zerodep.shaded.org.apache.hc.client5.http.impl.classic.CloseableHttpClient.execute(CloseableHttpClient.java:67)
	at com.github.dockerjava.zerodep.ApacheDockerHttpClientImpl.execute(ApacheDockerHttpClientImpl.java:183)
	at com.github.dockerjava.zerodep.ZerodepDockerHttpClient.execute(ZerodepDockerHttpClient.java:8)
	at org.testcontainers.shaded.com.github.dockerjava.core.DefaultInvocationBuilder.execute(DefaultInvocationBuilder.java:228)
	at org.testcontainers.shaded.com.github.dockerjava.core.DefaultInvocationBuilder.get(DefaultInvocationBuilder.java:202)
	at org.testcontainers.shaded.com.github.dockerjava.core.DefaultInvocationBuilder.get(DefaultInvocationBuilder.java:74)
	at org.testcontainers.shaded.com.github.dockerjava.core.exec.InfoCmdExec.exec(InfoCmdExec.java:24)
	at org.testcontainers.shaded.com.github.dockerjava.core.exec.InfoCmdExec.exec(InfoCmdExec.java:14)
	at org.testcontainers.shaded.com.github.dockerjava.core.command.AbstrDockerCmd.exec(AbstrDockerCmd.java:35)
	at org.testcontainers.dockerclient.DockerClientProviderStrategy.lambda$null$5(DockerClientProviderStrategy.java:170)
	at org.rnorth.ducttape.ratelimits.RateLimiter.getWhenReady(RateLimiter.java:51)
	at org.testcontainers.dockerclient.DockerClientProviderStrategy.lambda$tryOutStrategy$6(DockerClientProviderStrategy.java:168)
	at org.rnorth.ducttape.unreliables.Unreliables.lambda$retryUntilSuccess$0(Unreliables.java:43)
	at java.base/java.util.concurrent.FutureTask.run(FutureTask.java:264)
	at java.base/java.util.concurrent.ThreadPoolExecutor.runWorker(ThreadPoolExecutor.java:1128)
	at java.base/java.util.concurrent.ThreadPoolExecutor$Worker.run(ThreadPoolExecutor.java:628)
	at java.base/java.lang.Thread.run(Thread.java:829)
Caused by: com.sun.jna.LastErrorException: [13] Permissão recusada
	at com.github.dockerjava.transport.LinuxDomainSocket.connect(Native Method)
	at com.github.dockerjava.transport.LinuxDomainSocket.connect(LinuxDomainSocket.java:49)
	at com.github.dockerjava.transport.DomainSocket.open(DomainSocket.java:69)
	at com.github.dockerjava.transport.DomainSocket.<init>(DomainSocket.java:59)
	... 40 common frames omitted
14:33:46.786 [ducttape-0] INFO com.github.dockerjava.zerodep.shaded.org.apache.hc.client5.http.impl.classic.HttpRequestRetryExec - Recoverable I/O exception (java.io.IOException) caught when processing request to {}->unix://localhost:2375
14:33:46.786 [ducttape-0] DEBUG com.github.dockerjava.zerodep.shaded.org.apache.hc.client5.http.protocol.RequestAddCookies - Cookie spec selected: strict
14:33:46.786 [ducttape-0] DEBUG com.github.dockerjava.zerodep.shaded.org.apache.hc.client5.http.protocol.RequestAuthCache - Auth cache not set in the context
14:33:46.786 [ducttape-0] DEBUG com.github.dockerjava.zerodep.shaded.org.apache.hc.client5.http.impl.classic.ProtocolExec - ex-00000002: target auth state: UNCHALLENGED
14:33:46.786 [ducttape-0] DEBUG com.github.dockerjava.zerodep.shaded.org.apache.hc.client5.http.impl.classic.ProtocolExec - ex-00000002: proxy auth state: UNCHALLENGED
14:33:46.786 [ducttape-0] DEBUG com.github.dockerjava.zerodep.shaded.org.apache.hc.client5.http.impl.classic.ConnectExec - ex-00000002: acquiring connection with route {}->unix://localhost:2375
14:33:46.786 [ducttape-0] DEBUG com.github.dockerjava.zerodep.shaded.org.apache.hc.client5.http.impl.classic.InternalHttpClient - ex-00000002: acquiring endpoint (3 MINUTES)
14:33:46.786 [ducttape-0] DEBUG com.github.dockerjava.zerodep.shaded.org.apache.hc.client5.http.impl.io.PoolingHttpClientConnectionManager - ex-00000002: endpoint lease request (3 MINUTES) [route: {}->unix://localhost:2375][total available: 0; route allocated: 0 of 2147483647; total allocated: 0 of 2147483647]
14:33:46.786 [ducttape-0] DEBUG com.github.dockerjava.zerodep.shaded.org.apache.hc.client5.http.impl.io.PoolingHttpClientConnectionManager - ex-00000002: endpoint leased [route: {}->unix://localhost:2375][total available: 0; route allocated: 1 of 2147483647; total allocated: 1 of 2147483647]
14:33:46.787 [ducttape-0] DEBUG com.github.dockerjava.zerodep.shaded.org.apache.hc.client5.http.impl.io.PoolingHttpClientConnectionManager - ex-00000002: acquired ep-00000003
14:33:46.787 [ducttape-0] DEBUG com.github.dockerjava.zerodep.shaded.org.apache.hc.client5.http.impl.classic.InternalHttpClient - ex-00000002: acquired endpoint ep-00000003
14:33:46.787 [ducttape-0] DEBUG com.github.dockerjava.zerodep.shaded.org.apache.hc.client5.http.impl.classic.ConnectExec - ex-00000002: opening connection {}->unix://localhost:2375
14:33:46.787 [ducttape-0] DEBUG com.github.dockerjava.zerodep.shaded.org.apache.hc.client5.http.impl.classic.InternalHttpClient - ep-00000003: connecting endpoint (3 MINUTES)
14:33:46.787 [ducttape-0] DEBUG com.github.dockerjava.zerodep.shaded.org.apache.hc.client5.http.impl.io.PoolingHttpClientConnectionManager - ep-00000003: connecting endpoint to unix://localhost:2375 (3 MINUTES)
14:33:46.787 [ducttape-0] DEBUG com.github.dockerjava.zerodep.shaded.org.apache.hc.client5.http.impl.io.DefaultManagedHttpClientConnection - http-outgoing-3: close connection IMMEDIATE
14:33:46.787 [ducttape-0] DEBUG com.github.dockerjava.zerodep.shaded.org.apache.hc.client5.http.impl.classic.InternalHttpClient - ep-00000003: endpoint closed
14:33:46.788 [ducttape-0] DEBUG com.github.dockerjava.zerodep.shaded.org.apache.hc.client5.http.impl.classic.InternalHttpClient - ep-00000003: discarding endpoint
14:33:46.788 [ducttape-0] DEBUG com.github.dockerjava.zerodep.shaded.org.apache.hc.client5.http.impl.io.PoolingHttpClientConnectionManager - ep-00000003: releasing endpoint
14:33:46.788 [ducttape-0] DEBUG com.github.dockerjava.zerodep.shaded.org.apache.hc.client5.http.impl.io.PoolingHttpClientConnectionManager - ep-00000003: connection is not kept alive
14:33:46.788 [ducttape-0] DEBUG com.github.dockerjava.zerodep.shaded.org.apache.hc.client5.http.impl.io.PoolingHttpClientConnectionManager - ep-00000003: connection released [route: {}->unix://localhost:2375][total available: 0; route allocated: 0 of 2147483647; total allocated: 0 of 2147483647]
14:33:46.888 [ducttape-0] DEBUG org.testcontainers.dockerclient.DockerClientProviderStrategy - Pinging docker daemon...
14:33:46.888 [ducttape-0] DEBUG org.testcontainers.shaded.com.github.dockerjava.core.command.AbstrDockerCmd - Cmd: 
14:33:46.888 [ducttape-0] DEBUG com.github.dockerjava.zerodep.shaded.org.apache.hc.client5.http.impl.classic.InternalHttpClient - ex-00000003: preparing request execution
14:33:46.888 [ducttape-0] DEBUG com.github.dockerjava.zerodep.shaded.org.apache.hc.client5.http.protocol.RequestAddCookies - Cookie spec selected: strict
14:33:46.888 [ducttape-0] DEBUG com.github.dockerjava.zerodep.shaded.org.apache.hc.client5.http.protocol.RequestAuthCache - Auth cache not set in the context
14:33:46.888 [ducttape-0] DEBUG com.github.dockerjava.zerodep.shaded.org.apache.hc.client5.http.impl.classic.ProtocolExec - ex-00000003: target auth state: UNCHALLENGED
14:33:46.888 [ducttape-0] DEBUG com.github.dockerjava.zerodep.shaded.org.apache.hc.client5.http.impl.classic.ProtocolExec - ex-00000003: proxy auth state: UNCHALLENGED
14:33:46.889 [ducttape-0] DEBUG com.github.dockerjava.zerodep.shaded.org.apache.hc.client5.http.impl.classic.ConnectExec - ex-00000003: acquiring connection with route {}->unix://localhost:2375
14:33:46.889 [ducttape-0] DEBUG com.github.dockerjava.zerodep.shaded.org.apache.hc.client5.http.impl.classic.InternalHttpClient - ex-00000003: acquiring endpoint (3 MINUTES)
14:33:46.889 [ducttape-0] DEBUG com.github.dockerjava.zerodep.shaded.org.apache.hc.client5.http.impl.io.PoolingHttpClientConnectionManager - ex-00000003: endpoint lease request (3 MINUTES) [route: {}->unix://localhost:2375][total available: 0; route allocated: 0 of 2147483647; total allocated: 0 of 2147483647]
14:33:46.889 [ducttape-0] DEBUG com.github.dockerjava.zerodep.shaded.org.apache.hc.client5.http.impl.io.PoolingHttpClientConnectionManager - ex-00000003: endpoint leased [route: {}->unix://localhost:2375][total available: 0; route allocated: 1 of 2147483647; total allocated: 1 of 2147483647]
14:33:46.889 [ducttape-0] DEBUG com.github.dockerjava.zerodep.shaded.org.apache.hc.client5.http.impl.io.PoolingHttpClientConnectionManager - ex-00000003: acquired ep-00000004
14:33:46.889 [ducttape-0] DEBUG com.github.dockerjava.zerodep.shaded.org.apache.hc.client5.http.impl.classic.InternalHttpClient - ex-00000003: acquired endpoint ep-00000004
14:33:46.889 [ducttape-0] DEBUG com.github.dockerjava.zerodep.shaded.org.apache.hc.client5.http.impl.classic.ConnectExec - ex-00000003: opening connection {}->unix://localhost:2375
14:33:46.889 [ducttape-0] DEBUG com.github.dockerjava.zerodep.shaded.org.apache.hc.client5.http.impl.classic.InternalHttpClient - ep-00000004: connecting endpoint (3 MINUTES)
14:33:46.889 [ducttape-0] DEBUG com.github.dockerjava.zerodep.shaded.org.apache.hc.client5.http.impl.io.PoolingHttpClientConnectionManager - ep-00000004: connecting endpoint to unix://localhost:2375 (3 MINUTES)
14:33:46.890 [ducttape-0] DEBUG com.github.dockerjava.zerodep.shaded.org.apache.hc.client5.http.impl.io.DefaultManagedHttpClientConnection - http-outgoing-4: close connection IMMEDIATE
14:33:46.890 [ducttape-0] DEBUG com.github.dockerjava.zerodep.shaded.org.apache.hc.client5.http.impl.classic.InternalHttpClient - ep-00000004: endpoint closed
14:33:46.890 [ducttape-0] DEBUG com.github.dockerjava.zerodep.shaded.org.apache.hc.client5.http.impl.classic.InternalHttpClient - ep-00000004: discarding endpoint
14:33:46.890 [ducttape-0] DEBUG com.github.dockerjava.zerodep.shaded.org.apache.hc.client5.http.impl.io.PoolingHttpClientConnectionManager - ep-00000004: releasing endpoint
14:33:46.890 [ducttape-0] DEBUG com.github.dockerjava.zerodep.shaded.org.apache.hc.client5.http.impl.io.PoolingHttpClientConnectionManager - ep-00000004: connection is not kept alive
14:33:46.890 [ducttape-0] DEBUG com.github.dockerjava.zerodep.shaded.org.apache.hc.client5.http.impl.io.PoolingHttpClientConnectionManager - ep-00000004: connection released [route: {}->unix://localhost:2375][total available: 0; route allocated: 0 of 2147483647; total allocated: 0 of 2147483647]
14:33:46.890 [ducttape-0] DEBUG com.github.dockerjava.zerodep.shaded.org.apache.hc.client5.http.impl.classic.HttpRequestRetryExec - ex-00000003: com.sun.jna.LastErrorException: [13] Permissão recusada
java.io.IOException: com.sun.jna.LastErrorException: [13] Permissão recusada
	at com.github.dockerjava.transport.DomainSocket.<init>(DomainSocket.java:63)
	at com.github.dockerjava.transport.LinuxDomainSocket.<init>(LinuxDomainSocket.java:41)
	at com.github.dockerjava.transport.DomainSocket.get(DomainSocket.java:140)
	at com.github.dockerjava.transport.UnixSocket.get(UnixSocket.java:27)
	at com.github.dockerjava.zerodep.ApacheDockerHttpClientImpl$2.createSocket(ApacheDockerHttpClientImpl.java:145)
	at com.github.dockerjava.zerodep.shaded.org.apache.hc.client5.http.impl.io.DefaultHttpClientConnectionOperator.connect(DefaultHttpClientConnectionOperator.java:125)
	at com.github.dockerjava.zerodep.shaded.org.apache.hc.client5.http.impl.io.PoolingHttpClientConnectionManager.connect(PoolingHttpClientConnectionManager.java:409)
	at com.github.dockerjava.zerodep.shaded.org.apache.hc.client5.http.impl.classic.InternalExecRuntime.connectEndpoint(InternalExecRuntime.java:164)
	at com.github.dockerjava.zerodep.shaded.org.apache.hc.client5.http.impl.classic.InternalExecRuntime.connectEndpoint(InternalExecRuntime.java:174)
	at com.github.dockerjava.zerodep.shaded.org.apache.hc.client5.http.impl.classic.ConnectExec.execute(ConnectExec.java:135)
	at com.github.dockerjava.zerodep.shaded.org.apache.hc.client5.http.impl.classic.ExecChainElement.execute(ExecChainElement.java:51)
	at com.github.dockerjava.zerodep.shaded.org.apache.hc.client5.http.impl.classic.ExecChainElement$1.proceed(ExecChainElement.java:57)
	at com.github.dockerjava.zerodep.shaded.org.apache.hc.client5.http.impl.classic.ProtocolExec.execute(ProtocolExec.java:172)
	at com.github.dockerjava.zerodep.shaded.org.apache.hc.client5.http.impl.classic.ExecChainElement.execute(ExecChainElement.java:51)
	at com.github.dockerjava.zerodep.shaded.org.apache.hc.client5.http.impl.classic.ExecChainElement$1.proceed(ExecChainElement.java:57)
	at com.github.dockerjava.zerodep.shaded.org.apache.hc.client5.http.impl.classic.HttpRequestRetryExec.execute(HttpRequestRetryExec.java:93)
	at com.github.dockerjava.zerodep.shaded.org.apache.hc.client5.http.impl.classic.ExecChainElement.execute(ExecChainElement.java:51)
	at com.github.dockerjava.zerodep.shaded.org.apache.hc.client5.http.impl.classic.ExecChainElement$1.proceed(ExecChainElement.java:57)
	at com.github.dockerjava.zerodep.shaded.org.apache.hc.client5.http.impl.classic.ContentCompressionExec.execute(ContentCompressionExec.java:128)
	at com.github.dockerjava.zerodep.shaded.org.apache.hc.client5.http.impl.classic.ExecChainElement.execute(ExecChainElement.java:51)
	at com.github.dockerjava.zerodep.shaded.org.apache.hc.client5.http.impl.classic.ExecChainElement$1.proceed(ExecChainElement.java:57)
	at com.github.dockerjava.zerodep.shaded.org.apache.hc.client5.http.impl.classic.RedirectExec.execute(RedirectExec.java:116)
	at com.github.dockerjava.zerodep.shaded.org.apache.hc.client5.http.impl.classic.ExecChainElement.execute(ExecChainElement.java:51)
	at com.github.dockerjava.zerodep.shaded.org.apache.hc.client5.http.impl.classic.InternalHttpClient.doExecute(InternalHttpClient.java:178)
	at com.github.dockerjava.zerodep.shaded.org.apache.hc.client5.http.impl.classic.CloseableHttpClient.execute(CloseableHttpClient.java:67)
	at com.github.dockerjava.zerodep.ApacheDockerHttpClientImpl.execute(ApacheDockerHttpClientImpl.java:183)
	at com.github.dockerjava.zerodep.ZerodepDockerHttpClient.execute(ZerodepDockerHttpClient.java:8)
	at org.testcontainers.shaded.com.github.dockerjava.core.DefaultInvocationBuilder.execute(DefaultInvocationBuilder.java:228)
	at org.testcontainers.shaded.com.github.dockerjava.core.DefaultInvocationBuilder.get(DefaultInvocationBuilder.java:202)
	at org.testcontainers.shaded.com.github.dockerjava.core.DefaultInvocationBuilder.get(DefaultInvocationBuilder.java:74)
	at org.testcontainers.shaded.com.github.dockerjava.core.exec.InfoCmdExec.exec(InfoCmdExec.java:24)
	at org.testcontainers.shaded.com.github.dockerjava.core.exec.InfoCmdExec.exec(InfoCmdExec.java:14)
	at org.testcontainers.shaded.com.github.dockerjava.core.command.AbstrDockerCmd.exec(AbstrDockerCmd.java:35)
	at org.testcontainers.dockerclient.DockerClientProviderStrategy.lambda$null$5(DockerClientProviderStrategy.java:170)
	at org.rnorth.ducttape.ratelimits.RateLimiter.getWhenReady(RateLimiter.java:51)
	at org.testcontainers.dockerclient.DockerClientProviderStrategy.lambda$tryOutStrategy$6(DockerClientProviderStrategy.java:168)
	at org.rnorth.ducttape.unreliables.Unreliables.lambda$retryUntilSuccess$0(Unreliables.java:43)
	at java.base/java.util.concurrent.FutureTask.run(FutureTask.java:264)
	at java.base/java.util.concurrent.ThreadPoolExecutor.runWorker(ThreadPoolExecutor.java:1128)
	at java.base/java.util.concurrent.ThreadPoolExecutor$Worker.run(ThreadPoolExecutor.java:628)
	at java.base/java.lang.Thread.run(Thread.java:829)
Caused by: com.sun.jna.LastErrorException: [13] Permissão recusada
	at com.github.dockerjava.transport.LinuxDomainSocket.connect(Native Method)
	at com.github.dockerjava.transport.LinuxDomainSocket.connect(LinuxDomainSocket.java:49)
	at com.github.dockerjava.transport.DomainSocket.open(DomainSocket.java:69)
	at com.github.dockerjava.transport.DomainSocket.<init>(DomainSocket.java:59)
	... 40 common frames omitted
14:33:46.891 [ducttape-0] INFO com.github.dockerjava.zerodep.shaded.org.apache.hc.client5.http.impl.classic.HttpRequestRetryExec - Recoverable I/O exception (java.io.IOException) caught when processing request to {}->unix://localhost:2375
14:33:46.891 [ducttape-0] DEBUG com.github.dockerjava.zerodep.shaded.org.apache.hc.client5.http.protocol.RequestAddCookies - Cookie spec selected: strict
14:33:46.891 [ducttape-0] DEBUG com.github.dockerjava.zerodep.shaded.org.apache.hc.client5.http.protocol.RequestAuthCache - Auth cache not set in the context
14:33:46.891 [ducttape-0] DEBUG com.github.dockerjava.zerodep.shaded.org.apache.hc.client5.http.impl.classic.ProtocolExec - ex-00000003: target auth state: UNCHALLENGED
14:33:46.891 [ducttape-0] DEBUG com.github.dockerjava.zerodep.shaded.org.apache.hc.client5.http.impl.classic.ProtocolExec - ex-00000003: proxy auth state: UNCHALLENGED
14:33:46.891 [ducttape-0] DEBUG com.github.dockerjava.zerodep.shaded.org.apache.hc.client5.http.impl.classic.ConnectExec - ex-00000003: acquiring connection with route {}->unix://localhost:2375
14:33:46.891 [ducttape-0] DEBUG com.github.dockerjava.zerodep.shaded.org.apache.hc.client5.http.impl.classic.InternalHttpClient - ex-00000003: acquiring endpoint (3 MINUTES)
14:33:46.891 [ducttape-0] DEBUG com.github.dockerjava.zerodep.shaded.org.apache.hc.client5.http.impl.io.PoolingHttpClientConnectionManager - ex-00000003: endpoint lease request (3 MINUTES) [route: {}->unix://localhost:2375][total available: 0; route allocated: 0 of 2147483647; total allocated: 0 of 2147483647]
14:33:46.891 [ducttape-0] DEBUG com.github.dockerjava.zerodep.shaded.org.apache.hc.client5.http.impl.io.PoolingHttpClientConnectionManager - ex-00000003: endpoint leased [route: {}->unix://localhost:2375][total available: 0; route allocated: 1 of 2147483647; total allocated: 1 of 2147483647]
14:33:46.892 [ducttape-0] DEBUG com.github.dockerjava.zerodep.shaded.org.apache.hc.client5.http.impl.io.PoolingHttpClientConnectionManager - ex-00000003: acquired ep-00000005
14:33:46.892 [ducttape-0] DEBUG com.github.dockerjava.zerodep.shaded.org.apache.hc.client5.http.impl.classic.InternalHttpClient - ex-00000003: acquired endpoint ep-00000005
14:33:46.892 [ducttape-0] DEBUG com.github.dockerjava.zerodep.shaded.org.apache.hc.client5.http.impl.classic.ConnectExec - ex-00000003: opening connection {}->unix://localhost:2375
14:33:46.892 [ducttape-0] DEBUG com.github.dockerjava.zerodep.shaded.org.apache.hc.client5.http.impl.classic.InternalHttpClient - ep-00000005: connecting endpoint (3 MINUTES)
14:33:46.892 [ducttape-0] DEBUG com.github.dockerjava.zerodep.shaded.org.apache.hc.client5.http.impl.io.PoolingHttpClientConnectionManager - ep-00000005: connecting endpoint to unix://localhost:2375 (3 MINUTES)
14:33:46.893 [ducttape-0] DEBUG com.github.dockerjava.zerodep.shaded.org.apache.hc.client5.http.impl.io.DefaultManagedHttpClientConnection - http-outgoing-5: close connection IMMEDIATE
14:33:46.893 [ducttape-0] DEBUG com.github.dockerjava.zerodep.shaded.org.apache.hc.client5.http.impl.classic.InternalHttpClient - ep-00000005: endpoint closed
14:33:46.893 [ducttape-0] DEBUG com.github.dockerjava.zerodep.shaded.org.apache.hc.client5.http.impl.classic.InternalHttpClient - ep-00000005: discarding endpoint
14:33:46.893 [ducttape-0] DEBUG com.github.dockerjava.zerodep.shaded.org.apache.hc.client5.http.impl.io.PoolingHttpClientConnectionManager - ep-00000005: releasing endpoint
14:33:46.893 [ducttape-0] DEBUG com.github.dockerjava.zerodep.shaded.org.apache.hc.client5.http.impl.io.PoolingHttpClientConnectionManager - ep-00000005: connection is not kept alive
14:33:46.893 [ducttape-0] DEBUG com.github.dockerjava.zerodep.shaded.org.apache.hc.client5.http.impl.io.PoolingHttpClientConnectionManager - ep-00000005: connection released [route: {}->unix://localhost:2375][total available: 0; route allocated: 0 of 2147483647; total allocated: 0 of 2147483647]
14:33:46.993 [ducttape-0] DEBUG org.testcontainers.dockerclient.DockerClientProviderStrategy - Pinging docker daemon...
14:33:46.993 [ducttape-0] DEBUG org.testcontainers.shaded.com.github.dockerjava.core.command.AbstrDockerCmd - Cmd: 
14:33:46.994 [ducttape-0] DEBUG com.github.dockerjava.zerodep.shaded.org.apache.hc.client5.http.impl.classic.InternalHttpClient - ex-00000004: preparing request execution
14:33:46.994 [ducttape-0] DEBUG com.github.dockerjava.zerodep.shaded.org.apache.hc.client5.http.protocol.RequestAddCookies - Cookie spec selected: strict
14:33:46.994 [ducttape-0] DEBUG com.github.dockerjava.zerodep.shaded.org.apache.hc.client5.http.protocol.RequestAuthCache - Auth cache not set in the context
14:33:46.994 [ducttape-0] DEBUG com.github.dockerjava.zerodep.shaded.org.apache.hc.client5.http.impl.classic.ProtocolExec - ex-00000004: target auth state: UNCHALLENGED
14:33:46.994 [ducttape-0] DEBUG com.github.dockerjava.zerodep.shaded.org.apache.hc.client5.http.impl.classic.ProtocolExec - ex-00000004: proxy auth state: UNCHALLENGED
14:33:46.994 [ducttape-0] DEBUG com.github.dockerjava.zerodep.shaded.org.apache.hc.client5.http.impl.classic.ConnectExec - ex-00000004: acquiring connection with route {}->unix://localhost:2375
14:33:46.994 [ducttape-0] DEBUG com.github.dockerjava.zerodep.shaded.org.apache.hc.client5.http.impl.classic.InternalHttpClient - ex-00000004: acquiring endpoint (3 MINUTES)
14:33:46.994 [ducttape-0] DEBUG com.github.dockerjava.zerodep.shaded.org.apache.hc.client5.http.impl.io.PoolingHttpClientConnectionManager - ex-00000004: endpoint lease request (3 MINUTES) [route: {}->unix://localhost:2375][total available: 0; route allocated: 0 of 2147483647; total allocated: 0 of 2147483647]
14:33:46.994 [ducttape-0] DEBUG com.github.dockerjava.zerodep.shaded.org.apache.hc.client5.http.impl.io.PoolingHttpClientConnectionManager - ex-00000004: endpoint leased [route: {}->unix://localhost:2375][total available: 0; route allocated: 1 of 2147483647; total allocated: 1 of 2147483647]
14:33:46.994 [ducttape-0] DEBUG com.github.dockerjava.zerodep.shaded.org.apache.hc.client5.http.impl.io.PoolingHttpClientConnectionManager - ex-00000004: acquired ep-00000006
14:33:46.994 [ducttape-0] DEBUG com.github.dockerjava.zerodep.shaded.org.apache.hc.client5.http.impl.classic.InternalHttpClient - ex-00000004: acquired endpoint ep-00000006
14:33:46.994 [ducttape-0] DEBUG com.github.dockerjava.zerodep.shaded.org.apache.hc.client5.http.impl.classic.ConnectExec - ex-00000004: opening connection {}->unix://localhost:2375
14:33:46.995 [ducttape-0] DEBUG com.github.dockerjava.zerodep.shaded.org.apache.hc.client5.http.impl.classic.InternalHttpClient - ep-00000006: connecting endpoint (3 MINUTES)
14:33:46.995 [ducttape-0] DEBUG com.github.dockerjava.zerodep.shaded.org.apache.hc.client5.http.impl.io.PoolingHttpClientConnectionManager - ep-00000006: connecting endpoint to unix://localhost:2375 (3 MINUTES)
14:33:46.995 [ducttape-0] DEBUG com.github.dockerjava.zerodep.shaded.org.apache.hc.client5.http.impl.io.DefaultManagedHttpClientConnection - http-outgoing-6: close connection IMMEDIATE
14:33:46.995 [ducttape-0] DEBUG com.github.dockerjava.zerodep.shaded.org.apache.hc.client5.http.impl.classic.InternalHttpClient - ep-00000006: endpoint closed
14:33:46.995 [ducttape-0] DEBUG com.github.dockerjava.zerodep.shaded.org.apache.hc.client5.http.impl.classic.InternalHttpClient - ep-00000006: discarding endpoint
14:33:46.995 [ducttape-0] DEBUG com.github.dockerjava.zerodep.shaded.org.apache.hc.client5.http.impl.io.PoolingHttpClientConnectionManager - ep-00000006: releasing endpoint
14:33:46.995 [ducttape-0] DEBUG com.github.dockerjava.zerodep.shaded.org.apache.hc.client5.http.impl.io.PoolingHttpClientConnectionManager - ep-00000006: connection is not kept alive
14:33:46.996 [ducttape-0] DEBUG com.github.dockerjava.zerodep.shaded.org.apache.hc.client5.http.impl.io.PoolingHttpClientConnectionManager - ep-00000006: connection released [route: {}->unix://localhost:2375][total available: 0; route allocated: 0 of 2147483647; total allocated: 0 of 2147483647]
14:33:46.996 [ducttape-0] DEBUG com.github.dockerjava.zerodep.shaded.org.apache.hc.client5.http.impl.classic.HttpRequestRetryExec - ex-00000004: com.sun.jna.LastErrorException: [13] Permissão recusada
java.io.IOException: com.sun.jna.LastErrorException: [13] Permissão recusada
	at com.github.dockerjava.transport.DomainSocket.<init>(DomainSocket.java:63)
	at com.github.dockerjava.transport.LinuxDomainSocket.<init>(LinuxDomainSocket.java:41)
	at com.github.dockerjava.transport.DomainSocket.get(DomainSocket.java:140)
	at com.github.dockerjava.transport.UnixSocket.get(UnixSocket.java:27)
	at com.github.dockerjava.zerodep.ApacheDockerHttpClientImpl$2.createSocket(ApacheDockerHttpClientImpl.java:145)
	at com.github.dockerjava.zerodep.shaded.org.apache.hc.client5.http.impl.io.DefaultHttpClientConnectionOperator.connect(DefaultHttpClientConnectionOperator.java:125)
	at com.github.dockerjava.zerodep.shaded.org.apache.hc.client5.http.impl.io.PoolingHttpClientConnectionManager.connect(PoolingHttpClientConnectionManager.java:409)
	at com.github.dockerjava.zerodep.shaded.org.apache.hc.client5.http.impl.classic.InternalExecRuntime.connectEndpoint(InternalExecRuntime.java:164)
	at com.github.dockerjava.zerodep.shaded.org.apache.hc.client5.http.impl.classic.InternalExecRuntime.connectEndpoint(InternalExecRuntime.java:174)
	at com.github.dockerjava.zerodep.shaded.org.apache.hc.client5.http.impl.classic.ConnectExec.execute(ConnectExec.java:135)
	at com.github.dockerjava.zerodep.shaded.org.apache.hc.client5.http.impl.classic.ExecChainElement.execute(ExecChainElement.java:51)
	at com.github.dockerjava.zerodep.shaded.org.apache.hc.client5.http.impl.classic.ExecChainElement$1.proceed(ExecChainElement.java:57)
	at com.github.dockerjava.zerodep.shaded.org.apache.hc.client5.http.impl.classic.ProtocolExec.execute(ProtocolExec.java:172)
	at com.github.dockerjava.zerodep.shaded.org.apache.hc.client5.http.impl.classic.ExecChainElement.execute(ExecChainElement.java:51)
	at com.github.dockerjava.zerodep.shaded.org.apache.hc.client5.http.impl.classic.ExecChainElement$1.proceed(ExecChainElement.java:57)
	at com.github.dockerjava.zerodep.shaded.org.apache.hc.client5.http.impl.classic.HttpRequestRetryExec.execute(HttpRequestRetryExec.java:93)
	at com.github.dockerjava.zerodep.shaded.org.apache.hc.client5.http.impl.classic.ExecChainElement.execute(ExecChainElement.java:51)
	at com.github.dockerjava.zerodep.shaded.org.apache.hc.client5.http.impl.classic.ExecChainElement$1.proceed(ExecChainElement.java:57)
	at com.github.dockerjava.zerodep.shaded.org.apache.hc.client5.http.impl.classic.ContentCompressionExec.execute(ContentCompressionExec.java:128)
	at com.github.dockerjava.zerodep.shaded.org.apache.hc.client5.http.impl.classic.ExecChainElement.execute(ExecChainElement.java:51)
	at com.github.dockerjava.zerodep.shaded.org.apache.hc.client5.http.impl.classic.ExecChainElement$1.proceed(ExecChainElement.java:57)
	at com.github.dockerjava.zerodep.shaded.org.apache.hc.client5.http.impl.classic.RedirectExec.execute(RedirectExec.java:116)
	at com.github.dockerjava.zerodep.shaded.org.apache.hc.client5.http.impl.classic.ExecChainElement.execute(ExecChainElement.java:51)
	at com.github.dockerjava.zerodep.shaded.org.apache.hc.client5.http.impl.classic.InternalHttpClient.doExecute(InternalHttpClient.java:178)
	at com.github.dockerjava.zerodep.shaded.org.apache.hc.client5.http.impl.classic.CloseableHttpClient.execute(CloseableHttpClient.java:67)
	at com.github.dockerjava.zerodep.ApacheDockerHttpClientImpl.execute(ApacheDockerHttpClientImpl.java:183)
	at com.github.dockerjava.zerodep.ZerodepDockerHttpClient.execute(ZerodepDockerHttpClient.java:8)
	at org.testcontainers.shaded.com.github.dockerjava.core.DefaultInvocationBuilder.execute(DefaultInvocationBuilder.java:228)
	at org.testcontainers.shaded.com.github.dockerjava.core.DefaultInvocationBuilder.get(DefaultInvocationBuilder.java:202)
	at org.testcontainers.shaded.com.github.dockerjava.core.DefaultInvocationBuilder.get(DefaultInvocationBuilder.java:74)
	at org.testcontainers.shaded.com.github.dockerjava.core.exec.InfoCmdExec.exec(InfoCmdExec.java:24)
	at org.testcontainers.shaded.com.github.dockerjava.core.exec.InfoCmdExec.exec(InfoCmdExec.java:14)
	at org.testcontainers.shaded.com.github.dockerjava.core.command.AbstrDockerCmd.exec(AbstrDockerCmd.java:35)
	at org.testcontainers.dockerclient.DockerClientProviderStrategy.lambda$null$5(DockerClientProviderStrategy.java:170)
	at org.rnorth.ducttape.ratelimits.RateLimiter.getWhenReady(RateLimiter.java:51)
	at org.testcontainers.dockerclient.DockerClientProviderStrategy.lambda$tryOutStrategy$6(DockerClientProviderStrategy.java:168)
	at org.rnorth.ducttape.unreliables.Unreliables.lambda$retryUntilSuccess$0(Unreliables.java:43)
	at java.base/java.util.concurrent.FutureTask.run(FutureTask.java:264)
	at java.base/java.util.concurrent.ThreadPoolExecutor.runWorker(ThreadPoolExecutor.java:1128)
	at java.base/java.util.concurrent.ThreadPoolExecutor$Worker.run(ThreadPoolExecutor.java:628)
	at java.base/java.lang.Thread.run(Thread.java:829)
Caused by: com.sun.jna.LastErrorException: [13] Permissão recusada
	at com.github.dockerjava.transport.LinuxDomainSocket.connect(Native Method)
	at com.github.dockerjava.transport.LinuxDomainSocket.connect(LinuxDomainSocket.java:49)
	at com.github.dockerjava.transport.DomainSocket.open(DomainSocket.java:69)
	at com.github.dockerjava.transport.DomainSocket.<init>(DomainSocket.java:59)
	... 40 common frames omitted
14:33:46.996 [ducttape-0] INFO com.github.dockerjava.zerodep.shaded.org.apache.hc.client5.http.impl.classic.HttpRequestRetryExec - Recoverable I/O exception (java.io.IOException) caught when processing request to {}->unix://localhost:2375
14:33:46.996 [ducttape-0] DEBUG com.github.dockerjava.zerodep.shaded.org.apache.hc.client5.http.protocol.RequestAddCookies - Cookie spec selected: strict
14:33:46.996 [ducttape-0] DEBUG com.github.dockerjava.zerodep.shaded.org.apache.hc.client5.http.protocol.RequestAuthCache - Auth cache not set in the context
14:33:46.996 [ducttape-0] DEBUG com.github.dockerjava.zerodep.shaded.org.apache.hc.client5.http.impl.classic.ProtocolExec - ex-00000004: target auth state: UNCHALLENGED
14:33:46.996 [ducttape-0] DEBUG com.github.dockerjava.zerodep.shaded.org.apache.hc.client5.http.impl.classic.ProtocolExec - ex-00000004: proxy auth state: UNCHALLENGED
14:33:46.997 [ducttape-0] DEBUG com.github.dockerjava.zerodep.shaded.org.apache.hc.client5.http.impl.classic.ConnectExec - ex-00000004: acquiring connection with route {}->unix://localhost:2375
14:33:46.997 [ducttape-0] DEBUG com.github.dockerjava.zerodep.shaded.org.apache.hc.client5.http.impl.classic.InternalHttpClient - ex-00000004: acquiring endpoint (3 MINUTES)
14:33:46.997 [ducttape-0] DEBUG com.github.dockerjava.zerodep.shaded.org.apache.hc.client5.http.impl.io.PoolingHttpClientConnectionManager - ex-00000004: endpoint lease request (3 MINUTES) [route: {}->unix://localhost:2375][total available: 0; route allocated: 0 of 2147483647; total allocated: 0 of 2147483647]
14:33:46.997 [ducttape-0] DEBUG com.github.dockerjava.zerodep.shaded.org.apache.hc.client5.http.impl.io.PoolingHttpClientConnectionManager - ex-00000004: endpoint leased [route: {}->unix://localhost:2375][total available: 0; route allocated: 1 of 2147483647; total allocated: 1 of 2147483647]
14:33:46.997 [ducttape-0] DEBUG com.github.dockerjava.zerodep.shaded.org.apache.hc.client5.http.impl.io.PoolingHttpClientConnectionManager - ex-00000004: acquired ep-00000007
14:33:46.997 [ducttape-0] DEBUG com.github.dockerjava.zerodep.shaded.org.apache.hc.client5.http.impl.classic.InternalHttpClient - ex-00000004: acquired endpoint ep-00000007
14:33:46.997 [ducttape-0] DEBUG com.github.dockerjava.zerodep.shaded.org.apache.hc.client5.http.impl.classic.ConnectExec - ex-00000004: opening connection {}->unix://localhost:2375
14:33:46.997 [ducttape-0] DEBUG com.github.dockerjava.zerodep.shaded.org.apache.hc.client5.http.impl.classic.InternalHttpClient - ep-00000007: connecting endpoint (3 MINUTES)
14:33:46.997 [ducttape-0] DEBUG com.github.dockerjava.zerodep.shaded.org.apache.hc.client5.http.impl.io.PoolingHttpClientConnectionManager - ep-00000007: connecting endpoint to unix://localhost:2375 (3 MINUTES)
14:33:46.998 [ducttape-0] DEBUG com.github.dockerjava.zerodep.shaded.org.apache.hc.client5.http.impl.io.DefaultManagedHttpClientConnection - http-outgoing-7: close connection IMMEDIATE
14:33:46.998 [ducttape-0] DEBUG com.github.dockerjava.zerodep.shaded.org.apache.hc.client5.http.impl.classic.InternalHttpClient - ep-00000007: endpoint closed
14:33:46.998 [ducttape-0] DEBUG com.github.dockerjava.zerodep.shaded.org.apache.hc.client5.http.impl.classic.InternalHttpClient - ep-00000007: discarding endpoint
14:33:46.998 [ducttape-0] DEBUG com.github.dockerjava.zerodep.shaded.org.apache.hc.client5.http.impl.io.PoolingHttpClientConnectionManager - ep-00000007: releasing endpoint
14:33:46.998 [ducttape-0] DEBUG com.github.dockerjava.zerodep.shaded.org.apache.hc.client5.http.impl.io.PoolingHttpClientConnectionManager - ep-00000007: connection is not kept alive
14:33:46.998 [ducttape-0] DEBUG com.github.dockerjava.zerodep.shaded.org.apache.hc.client5.http.impl.io.PoolingHttpClientConnectionManager - ep-00000007: connection released [route: {}->unix://localhost:2375][total available: 0; route allocated: 0 of 2147483647; total allocated: 0 of 2147483647]
14:33:47.099 [ducttape-0] DEBUG org.testcontainers.dockerclient.DockerClientProviderStrategy - Pinging docker daemon...
14:33:47.099 [ducttape-0] DEBUG org.testcontainers.shaded.com.github.dockerjava.core.command.AbstrDockerCmd - Cmd: 
14:33:47.099 [ducttape-0] DEBUG com.github.dockerjava.zerodep.shaded.org.apache.hc.client5.http.impl.classic.InternalHttpClient - ex-00000005: preparing request execution
14:33:47.099 [ducttape-0] DEBUG com.github.dockerjava.zerodep.shaded.org.apache.hc.client5.http.protocol.RequestAddCookies - Cookie spec selected: strict
14:33:47.099 [ducttape-0] DEBUG com.github.dockerjava.zerodep.shaded.org.apache.hc.client5.http.protocol.RequestAuthCache - Auth cache not set in the context
14:33:47.099 [ducttape-0] DEBUG com.github.dockerjava.zerodep.shaded.org.apache.hc.client5.http.impl.classic.ProtocolExec - ex-00000005: target auth state: UNCHALLENGED
14:33:47.099 [ducttape-0] DEBUG com.github.dockerjava.zerodep.shaded.org.apache.hc.client5.http.impl.classic.ProtocolExec - ex-00000005: proxy auth state: UNCHALLENGED
14:33:47.099 [ducttape-0] DEBUG com.github.dockerjava.zerodep.shaded.org.apache.hc.client5.http.impl.classic.ConnectExec - ex-00000005: acquiring connection with route {}->unix://localhost:2375
14:33:47.100 [ducttape-0] DEBUG com.github.dockerjava.zerodep.shaded.org.apache.hc.client5.http.impl.classic.InternalHttpClient - ex-00000005: acquiring endpoint (3 MINUTES)
14:33:47.100 [ducttape-0] DEBUG com.github.dockerjava.zerodep.shaded.org.apache.hc.client5.http.impl.io.PoolingHttpClientConnectionManager - ex-00000005: endpoint lease request (3 MINUTES) [route: {}->unix://localhost:2375][total available: 0; route allocated: 0 of 2147483647; total allocated: 0 of 2147483647]
14:33:47.100 [ducttape-0] DEBUG com.github.dockerjava.zerodep.shaded.org.apache.hc.client5.http.impl.io.PoolingHttpClientConnectionManager - ex-00000005: endpoint leased [route: {}->unix://localhost:2375][total available: 0; route allocated: 1 of 2147483647; total allocated: 1 of 2147483647]
14:33:47.100 [ducttape-0] DEBUG com.github.dockerjava.zerodep.shaded.org.apache.hc.client5.http.impl.io.PoolingHttpClientConnectionManager - ex-00000005: acquired ep-00000008
14:33:47.100 [ducttape-0] DEBUG com.github.dockerjava.zerodep.shaded.org.apache.hc.client5.http.impl.classic.InternalHttpClient - ex-00000005: acquired endpoint ep-00000008
14:33:47.100 [ducttape-0] DEBUG com.github.dockerjava.zerodep.shaded.org.apache.hc.client5.http.impl.classic.ConnectExec - ex-00000005: opening connection {}->unix://localhost:2375
14:33:47.100 [ducttape-0] DEBUG com.github.dockerjava.zerodep.shaded.org.apache.hc.client5.http.impl.classic.InternalHttpClient - ep-00000008: connecting endpoint (3 MINUTES)
14:33:47.100 [ducttape-0] DEBUG com.github.dockerjava.zerodep.shaded.org.apache.hc.client5.http.impl.io.PoolingHttpClientConnectionManager - ep-00000008: connecting endpoint to unix://localhost:2375 (3 MINUTES)
14:33:47.101 [ducttape-0] DEBUG com.github.dockerjava.zerodep.shaded.org.apache.hc.client5.http.impl.io.DefaultManagedHttpClientConnection - http-outgoing-8: close connection IMMEDIATE
14:33:47.101 [ducttape-0] DEBUG com.github.dockerjava.zerodep.shaded.org.apache.hc.client5.http.impl.classic.InternalHttpClient - ep-00000008: endpoint closed
14:33:47.101 [ducttape-0] DEBUG com.github.dockerjava.zerodep.shaded.org.apache.hc.client5.http.impl.classic.InternalHttpClient - ep-00000008: discarding endpoint
14:33:47.101 [ducttape-0] DEBUG com.github.dockerjava.zerodep.shaded.org.apache.hc.client5.http.impl.io.PoolingHttpClientConnectionManager - ep-00000008: releasing endpoint
14:33:47.101 [ducttape-0] DEBUG com.github.dockerjava.zerodep.shaded.org.apache.hc.client5.http.impl.io.PoolingHttpClientConnectionManager - ep-00000008: connection is not kept alive
14:33:47.102 [ducttape-0] DEBUG com.github.dockerjava.zerodep.shaded.org.apache.hc.client5.http.impl.io.PoolingHttpClientConnectionManager - ep-00000008: connection released [route: {}->unix://localhost:2375][total available: 0; route allocated: 0 of 2147483647; total allocated: 0 of 2147483647]
14:33:47.102 [ducttape-0] DEBUG com.github.dockerjava.zerodep.shaded.org.apache.hc.client5.http.impl.classic.HttpRequestRetryExec - ex-00000005: com.sun.jna.LastErrorException: [13] Permissão recusada
java.io.IOException: com.sun.jna.LastErrorException: [13] Permissão recusada
	at com.github.dockerjava.transport.DomainSocket.<init>(DomainSocket.java:63)
	at com.github.dockerjava.transport.LinuxDomainSocket.<init>(LinuxDomainSocket.java:41)
	at com.github.dockerjava.transport.DomainSocket.get(DomainSocket.java:140)
	at com.github.dockerjava.transport.UnixSocket.get(UnixSocket.java:27)
	at com.github.dockerjava.zerodep.ApacheDockerHttpClientImpl$2.createSocket(ApacheDockerHttpClientImpl.java:145)
	at com.github.dockerjava.zerodep.shaded.org.apache.hc.client5.http.impl.io.DefaultHttpClientConnectionOperator.connect(DefaultHttpClientConnectionOperator.java:125)
	at com.github.dockerjava.zerodep.shaded.org.apache.hc.client5.http.impl.io.PoolingHttpClientConnectionManager.connect(PoolingHttpClientConnectionManager.java:409)
	at com.github.dockerjava.zerodep.shaded.org.apache.hc.client5.http.impl.classic.InternalExecRuntime.connectEndpoint(InternalExecRuntime.java:164)
	at com.github.dockerjava.zerodep.shaded.org.apache.hc.client5.http.impl.classic.InternalExecRuntime.connectEndpoint(InternalExecRuntime.java:174)
	at com.github.dockerjava.zerodep.shaded.org.apache.hc.client5.http.impl.classic.ConnectExec.execute(ConnectExec.java:135)
	at com.github.dockerjava.zerodep.shaded.org.apache.hc.client5.http.impl.classic.ExecChainElement.execute(ExecChainElement.java:51)
	at com.github.dockerjava.zerodep.shaded.org.apache.hc.client5.http.impl.classic.ExecChainElement$1.proceed(ExecChainElement.java:57)
	at com.github.dockerjava.zerodep.shaded.org.apache.hc.client5.http.impl.classic.ProtocolExec.execute(ProtocolExec.java:172)
	at com.github.dockerjava.zerodep.shaded.org.apache.hc.client5.http.impl.classic.ExecChainElement.execute(ExecChainElement.java:51)
	at com.github.dockerjava.zerodep.shaded.org.apache.hc.client5.http.impl.classic.ExecChainElement$1.proceed(ExecChainElement.java:57)
	at com.github.dockerjava.zerodep.shaded.org.apache.hc.client5.http.impl.classic.HttpRequestRetryExec.execute(HttpRequestRetryExec.java:93)
	at com.github.dockerjava.zerodep.shaded.org.apache.hc.client5.http.impl.classic.ExecChainElement.execute(ExecChainElement.java:51)
	at com.github.dockerjava.zerodep.shaded.org.apache.hc.client5.http.impl.classic.ExecChainElement$1.proceed(ExecChainElement.java:57)
	at com.github.dockerjava.zerodep.shaded.org.apache.hc.client5.http.impl.classic.ContentCompressionExec.execute(ContentCompressionExec.java:128)
	at com.github.dockerjava.zerodep.shaded.org.apache.hc.client5.http.impl.classic.ExecChainElement.execute(ExecChainElement.java:51)
	at com.github.dockerjava.zerodep.shaded.org.apache.hc.client5.http.impl.classic.ExecChainElement$1.proceed(ExecChainElement.java:57)
	at com.github.dockerjava.zerodep.shaded.org.apache.hc.client5.http.impl.classic.RedirectExec.execute(RedirectExec.java:116)
	at com.github.dockerjava.zerodep.shaded.org.apache.hc.client5.http.impl.classic.ExecChainElement.execute(ExecChainElement.java:51)
	at com.github.dockerjava.zerodep.shaded.org.apache.hc.client5.http.impl.classic.InternalHttpClient.doExecute(InternalHttpClient.java:178)
	at com.github.dockerjava.zerodep.shaded.org.apache.hc.client5.http.impl.classic.CloseableHttpClient.execute(CloseableHttpClient.java:67)
	at com.github.dockerjava.zerodep.ApacheDockerHttpClientImpl.execute(ApacheDockerHttpClientImpl.java:183)
	at com.github.dockerjava.zerodep.ZerodepDockerHttpClient.execute(ZerodepDockerHttpClient.java:8)
	at org.testcontainers.shaded.com.github.dockerjava.core.DefaultInvocationBuilder.execute(DefaultInvocationBuilder.java:228)
	at org.testcontainers.shaded.com.github.dockerjava.core.DefaultInvocationBuilder.get(DefaultInvocationBuilder.java:202)
	at org.testcontainers.shaded.com.github.dockerjava.core.DefaultInvocationBuilder.get(DefaultInvocationBuilder.java:74)
	at org.testcontainers.shaded.com.github.dockerjava.core.exec.InfoCmdExec.exec(InfoCmdExec.java:24)
	at org.testcontainers.shaded.com.github.dockerjava.core.exec.InfoCmdExec.exec(InfoCmdExec.java:14)
	at org.testcontainers.shaded.com.github.dockerjava.core.command.AbstrDockerCmd.exec(AbstrDockerCmd.java:35)
	at org.testcontainers.dockerclient.DockerClientProviderStrategy.lambda$null$5(DockerClientProviderStrategy.java:170)
	at org.rnorth.ducttape.ratelimits.RateLimiter.getWhenReady(RateLimiter.java:51)
	at org.testcontainers.dockerclient.DockerClientProviderStrategy.lambda$tryOutStrategy$6(DockerClientProviderStrategy.java:168)
	at org.rnorth.ducttape.unreliables.Unreliables.lambda$retryUntilSuccess$0(Unreliables.java:43)
	at java.base/java.util.concurrent.FutureTask.run(FutureTask.java:264)
	at java.base/java.util.concurrent.ThreadPoolExecutor.runWorker(ThreadPoolExecutor.java:1128)
	at java.base/java.util.concurrent.ThreadPoolExecutor$Worker.run(ThreadPoolExecutor.java:628)
	at java.base/java.lang.Thread.run(Thread.java:829)
Caused by: com.sun.jna.LastErrorException: [13] Permissão recusada
	at com.github.dockerjava.transport.LinuxDomainSocket.connect(Native Method)
	at com.github.dockerjava.transport.LinuxDomainSocket.connect(LinuxDomainSocket.java:49)
	at com.github.dockerjava.transport.DomainSocket.open(DomainSocket.java:69)
	at com.github.dockerjava.transport.DomainSocket.<init>(DomainSocket.java:59)
	... 40 common frames omitted
14:33:47.102 [ducttape-0] INFO com.github.dockerjava.zerodep.shaded.org.apache.hc.client5.http.impl.classic.HttpRequestRetryExec - Recoverable I/O exception (java.io.IOException) caught when processing request to {}->unix://localhost:2375
14:33:47.103 [ducttape-0] DEBUG com.github.dockerjava.zerodep.shaded.org.apache.hc.client5.http.protocol.RequestAddCookies - Cookie spec selected: strict
14:33:47.103 [ducttape-0] DEBUG com.github.dockerjava.zerodep.shaded.org.apache.hc.client5.http.protocol.RequestAuthCache - Auth cache not set in the context
14:33:47.103 [ducttape-0] DEBUG com.github.dockerjava.zerodep.shaded.org.apache.hc.client5.http.impl.classic.ProtocolExec - ex-00000005: target auth state: UNCHALLENGED
14:33:47.103 [ducttape-0] DEBUG com.github.dockerjava.zerodep.shaded.org.apache.hc.client5.http.impl.classic.ProtocolExec - ex-00000005: proxy auth state: UNCHALLENGED
14:33:47.103 [ducttape-0] DEBUG com.github.dockerjava.zerodep.shaded.org.apache.hc.client5.http.impl.classic.ConnectExec - ex-00000005: acquiring connection with route {}->unix://localhost:2375
14:33:47.103 [ducttape-0] DEBUG com.github.dockerjava.zerodep.shaded.org.apache.hc.client5.http.impl.classic.InternalHttpClient - ex-00000005: acquiring endpoint (3 MINUTES)
14:33:47.103 [ducttape-0] DEBUG com.github.dockerjava.zerodep.shaded.org.apache.hc.client5.http.impl.io.PoolingHttpClientConnectionManager - ex-00000005: endpoint lease request (3 MINUTES) [route: {}->unix://localhost:2375][total available: 0; route allocated: 0 of 2147483647; total allocated: 0 of 2147483647]
14:33:47.103 [ducttape-0] DEBUG com.github.dockerjava.zerodep.shaded.org.apache.hc.client5.http.impl.io.PoolingHttpClientConnectionManager - ex-00000005: endpoint leased [route: {}->unix://localhost:2375][total available: 0; route allocated: 1 of 2147483647; total allocated: 1 of 2147483647]
14:33:47.104 [ducttape-0] DEBUG com.github.dockerjava.zerodep.shaded.org.apache.hc.client5.http.impl.io.PoolingHttpClientConnectionManager - ex-00000005: acquired ep-00000009
14:33:47.104 [ducttape-0] DEBUG com.github.dockerjava.zerodep.shaded.org.apache.hc.client5.http.impl.classic.InternalHttpClient - ex-00000005: acquired endpoint ep-00000009
14:33:47.104 [ducttape-0] DEBUG com.github.dockerjava.zerodep.shaded.org.apache.hc.client5.http.impl.classic.ConnectExec - ex-00000005: opening connection {}->unix://localhost:2375
14:33:47.104 [ducttape-0] DEBUG com.github.dockerjava.zerodep.shaded.org.apache.hc.client5.http.impl.classic.InternalHttpClient - ep-00000009: connecting endpoint (3 MINUTES)
14:33:47.104 [ducttape-0] DEBUG com.github.dockerjava.zerodep.shaded.org.apache.hc.client5.http.impl.io.PoolingHttpClientConnectionManager - ep-00000009: connecting endpoint to unix://localhost:2375 (3 MINUTES)
14:33:47.105 [ducttape-0] DEBUG com.github.dockerjava.zerodep.shaded.org.apache.hc.client5.http.impl.io.DefaultManagedHttpClientConnection - http-outgoing-9: close connection IMMEDIATE
14:33:47.105 [ducttape-0] DEBUG com.github.dockerjava.zerodep.shaded.org.apache.hc.client5.http.impl.classic.InternalHttpClient - ep-00000009: endpoint closed
14:33:47.105 [ducttape-0] DEBUG com.github.dockerjava.zerodep.shaded.org.apache.hc.client5.http.impl.classic.InternalHttpClient - ep-00000009: discarding endpoint
14:33:47.105 [ducttape-0] DEBUG com.github.dockerjava.zerodep.shaded.org.apache.hc.client5.http.impl.io.PoolingHttpClientConnectionManager - ep-00000009: releasing endpoint
14:33:47.105 [ducttape-0] DEBUG com.github.dockerjava.zerodep.shaded.org.apache.hc.client5.http.impl.io.PoolingHttpClientConnectionManager - ep-00000009: connection is not kept alive
14:33:47.105 [ducttape-0] DEBUG com.github.dockerjava.zerodep.shaded.org.apache.hc.client5.http.impl.io.PoolingHttpClientConnectionManager - ep-00000009: connection released [route: {}->unix://localhost:2375][total available: 0; route allocated: 0 of 2147483647; total allocated: 0 of 2147483647]
14:33:47.206 [ducttape-0] DEBUG org.testcontainers.dockerclient.DockerClientProviderStrategy - Pinging docker daemon...
14:33:47.206 [ducttape-0] DEBUG org.testcontainers.shaded.com.github.dockerjava.core.command.AbstrDockerCmd - Cmd: 
14:33:47.206 [ducttape-0] DEBUG com.github.dockerjava.zerodep.shaded.org.apache.hc.client5.http.impl.classic.InternalHttpClient - ex-00000006: preparing request execution
14:33:47.206 [ducttape-0] DEBUG com.github.dockerjava.zerodep.shaded.org.apache.hc.client5.http.protocol.RequestAddCookies - Cookie spec selected: strict
14:33:47.206 [ducttape-0] DEBUG com.github.dockerjava.zerodep.shaded.org.apache.hc.client5.http.protocol.RequestAuthCache - Auth cache not set in the context
14:33:47.206 [ducttape-0] DEBUG com.github.dockerjava.zerodep.shaded.org.apache.hc.client5.http.impl.classic.ProtocolExec - ex-00000006: target auth state: UNCHALLENGED
14:33:47.206 [ducttape-0] DEBUG com.github.dockerjava.zerodep.shaded.org.apache.hc.client5.http.impl.classic.ProtocolExec - ex-00000006: proxy auth state: UNCHALLENGED
14:33:47.206 [ducttape-0] DEBUG com.github.dockerjava.zerodep.shaded.org.apache.hc.client5.http.impl.classic.ConnectExec - ex-00000006: acquiring connection with route {}->unix://localhost:2375
14:33:47.206 [ducttape-0] DEBUG com.github.dockerjava.zerodep.shaded.org.apache.hc.client5.http.impl.classic.InternalHttpClient - ex-00000006: acquiring endpoint (3 MINUTES)
14:33:47.207 [ducttape-0] DEBUG com.github.dockerjava.zerodep.shaded.org.apache.hc.client5.http.impl.io.PoolingHttpClientConnectionManager - ex-00000006: endpoint lease request (3 MINUTES) [route: {}->unix://localhost:2375][total available: 0; route allocated: 0 of 2147483647; total allocated: 0 of 2147483647]
14:33:47.207 [ducttape-0] DEBUG com.github.dockerjava.zerodep.shaded.org.apache.hc.client5.http.impl.io.PoolingHttpClientConnectionManager - ex-00000006: endpoint leased [route: {}->unix://localhost:2375][total available: 0; route allocated: 1 of 2147483647; total allocated: 1 of 2147483647]
14:33:47.207 [ducttape-0] DEBUG com.github.dockerjava.zerodep.shaded.org.apache.hc.client5.http.impl.io.PoolingHttpClientConnectionManager - ex-00000006: acquired ep-0000000A
14:33:47.207 [ducttape-0] DEBUG com.github.dockerjava.zerodep.shaded.org.apache.hc.client5.http.impl.classic.InternalHttpClient - ex-00000006: acquired endpoint ep-0000000A
14:33:47.207 [ducttape-0] DEBUG com.github.dockerjava.zerodep.shaded.org.apache.hc.client5.http.impl.classic.ConnectExec - ex-00000006: opening connection {}->unix://localhost:2375
14:33:47.207 [ducttape-0] DEBUG com.github.dockerjava.zerodep.shaded.org.apache.hc.client5.http.impl.classic.InternalHttpClient - ep-0000000A: connecting endpoint (3 MINUTES)
14:33:47.207 [ducttape-0] DEBUG com.github.dockerjava.zerodep.shaded.org.apache.hc.client5.http.impl.io.PoolingHttpClientConnectionManager - ep-0000000A: connecting endpoint to unix://localhost:2375 (3 MINUTES)
14:33:47.208 [ducttape-0] DEBUG com.github.dockerjava.zerodep.shaded.org.apache.hc.client5.http.impl.io.DefaultManagedHttpClientConnection - http-outgoing-10: close connection IMMEDIATE
14:33:47.208 [ducttape-0] DEBUG com.github.dockerjava.zerodep.shaded.org.apache.hc.client5.http.impl.classic.InternalHttpClient - ep-0000000A: endpoint closed
14:33:47.208 [ducttape-0] DEBUG com.github.dockerjava.zerodep.shaded.org.apache.hc.client5.http.impl.classic.InternalHttpClient - ep-0000000A: discarding endpoint
14:33:47.208 [ducttape-0] DEBUG com.github.dockerjava.zerodep.shaded.org.apache.hc.client5.http.impl.io.PoolingHttpClientConnectionManager - ep-0000000A: releasing endpoint
14:33:47.208 [ducttape-0] DEBUG com.github.dockerjava.zerodep.shaded.org.apache.hc.client5.http.impl.io.PoolingHttpClientConnectionManager - ep-0000000A: connection is not kept alive
14:33:47.208 [ducttape-0] DEBUG com.github.dockerjava.zerodep.shaded.org.apache.hc.client5.http.impl.io.PoolingHttpClientConnectionManager - ep-0000000A: connection released [route: {}->unix://localhost:2375][total available: 0; route allocated: 0 of 2147483647; total allocated: 0 of 2147483647]
14:33:47.208 [ducttape-0] DEBUG com.github.dockerjava.zerodep.shaded.org.apache.hc.client5.http.impl.classic.HttpRequestRetryExec - ex-00000006: com.sun.jna.LastErrorException: [13] Permissão recusada
java.io.IOException: com.sun.jna.LastErrorException: [13] Permissão recusada
	at com.github.dockerjava.transport.DomainSocket.<init>(DomainSocket.java:63)
	at com.github.dockerjava.transport.LinuxDomainSocket.<init>(LinuxDomainSocket.java:41)
	at com.github.dockerjava.transport.DomainSocket.get(DomainSocket.java:140)
	at com.github.dockerjava.transport.UnixSocket.get(UnixSocket.java:27)
	at com.github.dockerjava.zerodep.ApacheDockerHttpClientImpl$2.createSocket(ApacheDockerHttpClientImpl.java:145)
	at com.github.dockerjava.zerodep.shaded.org.apache.hc.client5.http.impl.io.DefaultHttpClientConnectionOperator.connect(DefaultHttpClientConnectionOperator.java:125)
	at com.github.dockerjava.zerodep.shaded.org.apache.hc.client5.http.impl.io.PoolingHttpClientConnectionManager.connect(PoolingHttpClientConnectionManager.java:409)
	at com.github.dockerjava.zerodep.shaded.org.apache.hc.client5.http.impl.classic.InternalExecRuntime.connectEndpoint(InternalExecRuntime.java:164)
	at com.github.dockerjava.zerodep.shaded.org.apache.hc.client5.http.impl.classic.InternalExecRuntime.connectEndpoint(InternalExecRuntime.java:174)
	at com.github.dockerjava.zerodep.shaded.org.apache.hc.client5.http.impl.classic.ConnectExec.execute(ConnectExec.java:135)
	at com.github.dockerjava.zerodep.shaded.org.apache.hc.client5.http.impl.classic.ExecChainElement.execute(ExecChainElement.java:51)
	at com.github.dockerjava.zerodep.shaded.org.apache.hc.client5.http.impl.classic.ExecChainElement$1.proceed(ExecChainElement.java:57)
	at com.github.dockerjava.zerodep.shaded.org.apache.hc.client5.http.impl.classic.ProtocolExec.execute(ProtocolExec.java:172)
	at com.github.dockerjava.zerodep.shaded.org.apache.hc.client5.http.impl.classic.ExecChainElement.execute(ExecChainElement.java:51)
	at com.github.dockerjava.zerodep.shaded.org.apache.hc.client5.http.impl.classic.ExecChainElement$1.proceed(ExecChainElement.java:57)
	at com.github.dockerjava.zerodep.shaded.org.apache.hc.client5.http.impl.classic.HttpRequestRetryExec.execute(HttpRequestRetryExec.java:93)
	at com.github.dockerjava.zerodep.shaded.org.apache.hc.client5.http.impl.classic.ExecChainElement.execute(ExecChainElement.java:51)
	at com.github.dockerjava.zerodep.shaded.org.apache.hc.client5.http.impl.classic.ExecChainElement$1.proceed(ExecChainElement.java:57)
	at com.github.dockerjava.zerodep.shaded.org.apache.hc.client5.http.impl.classic.ContentCompressionExec.execute(ContentCompressionExec.java:128)
	at com.github.dockerjava.zerodep.shaded.org.apache.hc.client5.http.impl.classic.ExecChainElement.execute(ExecChainElement.java:51)
	at com.github.dockerjava.zerodep.shaded.org.apache.hc.client5.http.impl.classic.ExecChainElement$1.proceed(ExecChainElement.java:57)
	at com.github.dockerjava.zerodep.shaded.org.apache.hc.client5.http.impl.classic.RedirectExec.execute(RedirectExec.java:116)
	at com.github.dockerjava.zerodep.shaded.org.apache.hc.client5.http.impl.classic.ExecChainElement.execute(ExecChainElement.java:51)
	at com.github.dockerjava.zerodep.shaded.org.apache.hc.client5.http.impl.classic.InternalHttpClient.doExecute(InternalHttpClient.java:178)
	at com.github.dockerjava.zerodep.shaded.org.apache.hc.client5.http.impl.classic.CloseableHttpClient.execute(CloseableHttpClient.java:67)
	at com.github.dockerjava.zerodep.ApacheDockerHttpClientImpl.execute(ApacheDockerHttpClientImpl.java:183)
	at com.github.dockerjava.zerodep.ZerodepDockerHttpClient.execute(ZerodepDockerHttpClient.java:8)
	at org.testcontainers.shaded.com.github.dockerjava.core.DefaultInvocationBuilder.execute(DefaultInvocationBuilder.java:228)
	at org.testcontainers.shaded.com.github.dockerjava.core.DefaultInvocationBuilder.get(DefaultInvocationBuilder.java:202)
	at org.testcontainers.shaded.com.github.dockerjava.core.DefaultInvocationBuilder.get(DefaultInvocationBuilder.java:74)
	at org.testcontainers.shaded.com.github.dockerjava.core.exec.InfoCmdExec.exec(InfoCmdExec.java:24)
	at org.testcontainers.shaded.com.github.dockerjava.core.exec.InfoCmdExec.exec(InfoCmdExec.java:14)
	at org.testcontainers.shaded.com.github.dockerjava.core.command.AbstrDockerCmd.exec(AbstrDockerCmd.java:35)
	at org.testcontainers.dockerclient.DockerClientProviderStrategy.lambda$null$5(DockerClientProviderStrategy.java:170)
	at org.rnorth.ducttape.ratelimits.RateLimiter.getWhenReady(RateLimiter.java:51)
	at org.testcontainers.dockerclient.DockerClientProviderStrategy.lambda$tryOutStrategy$6(DockerClientProviderStrategy.java:168)
	at org.rnorth.ducttape.unreliables.Unreliables.lambda$retryUntilSuccess$0(Unreliables.java:43)
	at java.base/java.util.concurrent.FutureTask.run(FutureTask.java:264)
	at java.base/java.util.concurrent.ThreadPoolExecutor.runWorker(ThreadPoolExecutor.java:1128)
	at java.base/java.util.concurrent.ThreadPoolExecutor$Worker.run(ThreadPoolExecutor.java:628)
	at java.base/java.lang.Thread.run(Thread.java:829)
Caused by: com.sun.jna.LastErrorException: [13] Permissão recusada
	at com.github.dockerjava.transport.LinuxDomainSocket.connect(Native Method)
	at com.github.dockerjava.transport.LinuxDomainSocket.connect(LinuxDomainSocket.java:49)
	at com.github.dockerjava.transport.DomainSocket.open(DomainSocket.java:69)
	at com.github.dockerjava.transport.DomainSocket.<init>(DomainSocket.java:59)
	... 40 common frames omitted
14:33:47.209 [ducttape-0] INFO com.github.dockerjava.zerodep.shaded.org.apache.hc.client5.http.impl.classic.HttpRequestRetryExec - Recoverable I/O exception (java.io.IOException) caught when processing request to {}->unix://localhost:2375
14:33:47.209 [ducttape-0] DEBUG com.github.dockerjava.zerodep.shaded.org.apache.hc.client5.http.protocol.RequestAddCookies - Cookie spec selected: strict
14:33:47.209 [ducttape-0] DEBUG com.github.dockerjava.zerodep.shaded.org.apache.hc.client5.http.protocol.RequestAuthCache - Auth cache not set in the context
14:33:47.209 [ducttape-0] DEBUG com.github.dockerjava.zerodep.shaded.org.apache.hc.client5.http.impl.classic.ProtocolExec - ex-00000006: target auth state: UNCHALLENGED
14:33:47.209 [ducttape-0] DEBUG com.github.dockerjava.zerodep.shaded.org.apache.hc.client5.http.impl.classic.ProtocolExec - ex-00000006: proxy auth state: UNCHALLENGED
[...]
	at org.testcontainers.dockerclient.DockerClientProviderStrategy.lambda$tryOutStrategy$6(DockerClientProviderStrategy.java:168)
	at org.rnorth.ducttape.unreliables.Unreliables.lambda$retryUntilSuccess$0(Unreliables.java:43)
	at java.base/java.util.concurrent.FutureTask.run(FutureTask.java:264)
	at java.base/java.util.concurrent.ThreadPoolExecutor.runWorker(ThreadPoolExecutor.java:1128)
	at java.base/java.util.concurrent.ThreadPoolExecutor$Worker.run(ThreadPoolExecutor.java:628)
	at java.base/java.lang.Thread.run(Thread.java:829)
Caused by: com.sun.jna.LastErrorException: [13] Permissão recusada
	at com.github.dockerjava.transport.LinuxDomainSocket.connect(Native Method)
	at com.github.dockerjava.transport.LinuxDomainSocket.connect(LinuxDomainSocket.java:49)
	at com.github.dockerjava.transport.DomainSocket.open(DomainSocket.java:69)
	at com.github.dockerjava.transport.DomainSocket.<init>(DomainSocket.java:59)
	... 40 common frames omitted
14:33:51.476 [ducttape-0] INFO com.github.dockerjava.zerodep.shaded.org.apache.hc.client5.http.impl.classic.HttpRequestRetryExec - Recoverable I/O exception (java.io.IOException) caught when processing request to {}->unix://localhost:2375
14:33:51.477 [ducttape-0] DEBUG com.github.dockerjava.zerodep.shaded.org.apache.hc.client5.http.protocol.RequestAddCookies - Cookie spec selected: strict
14:33:51.477 [ducttape-0] DEBUG com.github.dockerjava.zerodep.shaded.org.apache.hc.client5.http.protocol.RequestAuthCache - Auth cache not set in the context
14:33:51.477 [ducttape-0] DEBUG com.github.dockerjava.zerodep.shaded.org.apache.hc.client5.http.impl.classic.ProtocolExec - ex-0000002F: target auth state: UNCHALLENGED
14:33:51.477 [ducttape-0] DEBUG com.github.dockerjava.zerodep.shaded.org.apache.hc.client5.http.impl.classic.ProtocolExec - ex-0000002F: proxy auth state: UNCHALLENGED
14:33:51.477 [ducttape-0] DEBUG com.github.dockerjava.zerodep.shaded.org.apache.hc.client5.http.impl.classic.ConnectExec - ex-0000002F: acquiring connection with route {}->unix://localhost:2375
14:33:51.477 [ducttape-0] DEBUG com.github.dockerjava.zerodep.shaded.org.apache.hc.client5.http.impl.classic.InternalHttpClient - ex-0000002F: acquiring endpoint (3 MINUTES)
14:33:51.477 [ducttape-0] DEBUG com.github.dockerjava.zerodep.shaded.org.apache.hc.client5.http.impl.io.PoolingHttpClientConnectionManager - ex-0000002F: endpoint lease request (3 MINUTES) [route: {}->unix://localhost:2375][total available: 0; route allocated: 0 of 2147483647; total allocated: 0 of 2147483647]
14:33:51.477 [ducttape-0] DEBUG com.github.dockerjava.zerodep.shaded.org.apache.hc.client5.http.impl.io.PoolingHttpClientConnectionManager - ex-0000002F: endpoint leased [route: {}->unix://localhost:2375][total available: 0; route allocated: 1 of 2147483647; total allocated: 1 of 2147483647]
14:33:51.478 [ducttape-0] DEBUG com.github.dockerjava.zerodep.shaded.org.apache.hc.client5.http.impl.io.PoolingHttpClientConnectionManager - ex-0000002F: acquired ep-0000005D
14:33:51.478 [ducttape-0] DEBUG com.github.dockerjava.zerodep.shaded.org.apache.hc.client5.http.impl.classic.InternalHttpClient - ex-0000002F: acquired endpoint ep-0000005D
14:33:51.478 [ducttape-0] DEBUG com.github.dockerjava.zerodep.shaded.org.apache.hc.client5.http.impl.classic.ConnectExec - ex-0000002F: opening connection {}->unix://localhost:2375
14:33:51.478 [ducttape-0] DEBUG com.github.dockerjava.zerodep.shaded.org.apache.hc.client5.http.impl.classic.InternalHttpClient - ep-0000005D: connecting endpoint (3 MINUTES)
14:33:51.478 [ducttape-0] DEBUG com.github.dockerjava.zerodep.shaded.org.apache.hc.client5.http.impl.io.PoolingHttpClientConnectionManager - ep-0000005D: connecting endpoint to unix://localhost:2375 (3 MINUTES)
14:33:51.479 [ducttape-0] DEBUG com.github.dockerjava.zerodep.shaded.org.apache.hc.client5.http.impl.io.DefaultManagedHttpClientConnection - http-outgoing-93: close connection IMMEDIATE
14:33:51.479 [ducttape-0] DEBUG com.github.dockerjava.zerodep.shaded.org.apache.hc.client5.http.impl.classic.InternalHttpClient - ep-0000005D: endpoint closed
14:33:51.479 [ducttape-0] DEBUG com.github.dockerjava.zerodep.shaded.org.apache.hc.client5.http.impl.classic.InternalHttpClient - ep-0000005D: discarding endpoint
14:33:51.479 [ducttape-0] DEBUG com.github.dockerjava.zerodep.shaded.org.apache.hc.client5.http.impl.io.PoolingHttpClientConnectionManager - ep-0000005D: releasing endpoint
14:33:51.479 [ducttape-0] DEBUG com.github.dockerjava.zerodep.shaded.org.apache.hc.client5.http.impl.io.PoolingHttpClientConnectionManager - ep-0000005D: connection is not kept alive
14:33:51.480 [ducttape-0] DEBUG com.github.dockerjava.zerodep.shaded.org.apache.hc.client5.http.impl.io.PoolingHttpClientConnectionManager - ep-0000005D: connection released [route: {}->unix://localhost:2375][total available: 0; route allocated: 0 of 2147483647; total allocated: 0 of 2147483647]
14:33:51.566 [main] DEBUG com.github.dockerjava.zerodep.shaded.org.apache.hc.client5.http.impl.io.PoolingHttpClientConnectionManager - Shutdown connection pool GRACEFUL
14:33:51.566 [main] DEBUG com.github.dockerjava.zerodep.shaded.org.apache.hc.client5.http.impl.io.PoolingHttpClientConnectionManager - Connection pool shut down
14:33:51.567 [main] DEBUG org.testcontainers.dockerclient.DockerClientProviderStrategy - UnixSocketClientProviderStrategy: failed with exception TimeoutException (Timeout waiting for result with exception). Root cause LastErrorException ([13] Permissão recusada)
14:33:51.569 [main] DEBUG org.testcontainers.utility.CommandLine - Executing shell command: `docker-machine ls -q`
14:33:51.575 [main] DEBUG org.testcontainers.shaded.org.zeroturnaround.exec.ProcessExecutor - Executing [docker-machine, ls, -q].
14:33:51.576 [main] DEBUG org.testcontainers.shaded.org.zeroturnaround.exec.ProcessExecutor - Started Process[pid=99519, exitValue="not exited"]
14:33:51.580 [ducttape-0] DEBUG org.testcontainers.dockerclient.DockerClientProviderStrategy - Pinging docker daemon...
14:33:51.580 [ducttape-0] DEBUG org.testcontainers.shaded.com.github.dockerjava.core.command.AbstrDockerCmd - Cmd: 
14:33:51.580 [ducttape-0] DEBUG com.github.dockerjava.zerodep.shaded.org.apache.hc.client5.http.impl.classic.InternalHttpClient - ex-00000030: preparing request execution
14:33:51.580 [ducttape-0] DEBUG com.github.dockerjava.zerodep.shaded.org.apache.hc.client5.http.protocol.RequestAddCookies - Cookie spec selected: strict
14:33:51.580 [ducttape-0] DEBUG com.github.dockerjava.zerodep.shaded.org.apache.hc.client5.http.protocol.RequestAuthCache - Auth cache not set in the context
14:33:51.580 [ducttape-0] DEBUG com.github.dockerjava.zerodep.shaded.org.apache.hc.client5.http.impl.classic.ProtocolExec - ex-00000030: target auth state: UNCHALLENGED
14:33:51.580 [ducttape-0] DEBUG com.github.dockerjava.zerodep.shaded.org.apache.hc.client5.http.impl.classic.ProtocolExec - ex-00000030: proxy auth state: UNCHALLENGED
14:33:51.580 [ducttape-0] DEBUG com.github.dockerjava.zerodep.shaded.org.apache.hc.client5.http.impl.classic.ConnectExec - ex-00000030: acquiring connection with route {}->unix://localhost:2375
14:33:51.580 [ducttape-0] DEBUG com.github.dockerjava.zerodep.shaded.org.apache.hc.client5.http.impl.classic.InternalHttpClient - ex-00000030: acquiring endpoint (3 MINUTES)
14:33:51.580 [ducttape-0] DEBUG com.github.dockerjava.zerodep.shaded.org.apache.hc.client5.http.impl.io.PoolingHttpClientConnectionManager - ex-00000030: endpoint lease request (3 MINUTES) [route: {}->unix://localhost:2375][total available: 0; route allocated: 0 of 2147483647; total allocated: 0 of 2147483647]
14:33:51.650 [main] DEBUG org.testcontainers.shaded.org.zeroturnaround.exec.WaitForProcess - Process[pid=99519, exitValue=0] stopped with exit code 0
14:33:51.651 [main] DEBUG org.testcontainers.utility.DockerMachineClient - DOCKER_MACHINE_NAME is not set and no machine named 'default' found; Using first machine found with `docker-machine ls`: 
14:33:51.651 [main] DEBUG org.testcontainers.dockerclient.DockerClientProviderStrategy - Trying out strategy: DockerMachineClientProviderStrategy
14:33:51.652 [main] DEBUG org.testcontainers.utility.CommandLine - Executing shell command: `docker-machine ls -q`
14:33:51.652 [main] DEBUG org.testcontainers.shaded.org.zeroturnaround.exec.ProcessExecutor - Executing [docker-machine, ls, -q].
14:33:51.652 [main] DEBUG org.testcontainers.shaded.org.zeroturnaround.exec.ProcessExecutor - Started Process[pid=99556, exitValue="not exited"]
14:33:51.702 [main] DEBUG org.testcontainers.shaded.org.zeroturnaround.exec.WaitForProcess - Process[pid=99556, exitValue=0] stopped with exit code 0
14:33:51.703 [main] DEBUG org.testcontainers.utility.DockerMachineClient - DOCKER_MACHINE_NAME is not set and no machine named 'default' found; Using first machine found with `docker-machine ls`: 
14:33:51.703 [main] INFO org.testcontainers.dockerclient.DockerMachineClientProviderStrategy - Found docker-machine, and will use machine named 
14:33:51.703 [main] DEBUG org.testcontainers.utility.CommandLine - Executing shell command: `docker-machine status `
14:33:51.703 [main] DEBUG org.testcontainers.shaded.org.zeroturnaround.exec.ProcessExecutor - Executing [docker-machine, status, ].
14:33:51.703 [main] DEBUG org.testcontainers.shaded.org.zeroturnaround.exec.ProcessExecutor - Started Process[pid=99591, exitValue="not exited"]
14:33:51.753 [main] DEBUG org.testcontainers.shaded.org.zeroturnaround.exec.WaitForProcess - Process[pid=99591, exitValue=1] stopped with exit code 1
14:33:51.753 [main] DEBUG org.testcontainers.dockerclient.DockerClientProviderStrategy - DockerMachineClientProviderStrategy: failed with exception ShellCommandException (Exception when executing docker-machine status ). Root cause InvalidExitValueException (Unexpected exit value: 1, allowed exit values: [0], executed command [docker-machine, status, ], output was 122 bytes:
Docker machine "" does not exist. Use "docker-machine ls" to list machines. Use "docker-machine create" to add a new one.)
14:33:51.754 [main] ERROR org.testcontainers.dockerclient.DockerClientProviderStrategy - Could not find a valid Docker environment. Please check configuration. Attempted configurations were:
14:33:51.754 [main] ERROR org.testcontainers.dockerclient.DockerClientProviderStrategy -     UnixSocketClientProviderStrategy: failed with exception TimeoutException (Timeout waiting for result with exception). Root cause LastErrorException ([13] Permissão recusada)
14:33:51.754 [main] ERROR org.testcontainers.dockerclient.DockerClientProviderStrategy -     DockerMachineClientProviderStrategy: failed with exception ShellCommandException (Exception when executing docker-machine status ). Root cause InvalidExitValueException (Unexpected exit value: 1, allowed exit values: [0], executed command [docker-machine, status, ], output was 122 bytes:
Docker machine "" does not exist. Use "docker-machine ls" to list machines. Use "docker-machine create" to add a new one.)
14:33:51.754 [main] ERROR org.testcontainers.dockerclient.DockerClientProviderStrategy - As no valid configuration was found, execution cannot continue
14:33:51.764 [main] DEBUG org.springframework.test.context.BootstrapUtils - Instantiating CacheAwareContextLoaderDelegate from class [org.springframework.test.context.cache.DefaultCacheAwareContextLoaderDelegate]
14:33:51.768 [main] DEBUG org.springframework.test.context.BootstrapUtils - Instantiating BootstrapContext using constructor [public org.springframework.test.context.support.DefaultBootstrapContext(java.lang.Class,org.springframework.test.context.CacheAwareContextLoaderDelegate)]
14:33:51.796 [main] DEBUG org.springframework.test.context.BootstrapUtils - Instantiating TestContextBootstrapper for test class [lab6.CarControllerTest] from class [org.springframework.boot.test.context.SpringBootTestContextBootstrapper]
14:33:51.804 [main] INFO org.springframework.boot.test.context.SpringBootTestContextBootstrapper - Neither @ContextConfiguration nor @ContextHierarchy found for test class [lab6.CarControllerTest], using SpringBootContextLoader
14:33:51.807 [main] DEBUG org.springframework.test.context.support.AbstractContextLoader - Did not detect default resource location for test class [lab6.CarControllerTest]: class path resource [lab6/CarControllerTest-context.xml] does not exist
14:33:51.807 [main] DEBUG org.springframework.test.context.support.AbstractContextLoader - Did not detect default resource location for test class [lab6.CarControllerTest]: class path resource [lab6/CarControllerTestContext.groovy] does not exist
14:33:51.807 [main] INFO org.springframework.test.context.support.AbstractContextLoader - Could not detect default resource locations for test class [lab6.CarControllerTest]: no resource found for suffixes {-context.xml, Context.groovy}.
14:33:51.808 [main] INFO org.springframework.test.context.support.AnnotationConfigContextLoaderUtils - Could not detect default configuration classes for test class [lab6.CarControllerTest]: CarControllerTest does not declare any static, non-private, non-final, nested classes annotated with @Configuration.
14:33:51.850 [main] DEBUG org.springframework.test.context.support.ActiveProfilesUtils - Could not find an 'annotation declaring class' for annotation type [org.springframework.test.context.ActiveProfiles] and class [lab6.CarControllerTest]
14:33:51.890 [main] DEBUG org.springframework.context.annotation.ClassPathScanningCandidateComponentProvider - Identified candidate component class: file [/home/leandro/Desktop/TQS/TQS/lab7/ex4/ex2/target/classes/lab6/CarApplication.class]
14:33:51.899 [main] INFO org.springframework.boot.test.context.SpringBootTestContextBootstrapper - Found @SpringBootConfiguration lab6.CarApplication for test class lab6.CarControllerTest
14:33:51.963 [main] DEBUG org.springframework.boot.test.context.SpringBootTestContextBootstrapper - @TestExecutionListeners is not present for class [lab6.CarControllerTest]: using defaults.
14:33:51.963 [main] INFO org.springframework.boot.test.context.SpringBootTestContextBootstrapper - Loaded default TestExecutionListener class names from location [META-INF/spring.factories]: [org.springframework.boot.test.mock.mockito.MockitoTestExecutionListener, org.springframework.boot.test.mock.mockito.ResetMocksTestExecutionListener, org.springframework.boot.test.autoconfigure.restdocs.RestDocsTestExecutionListener, org.springframework.boot.test.autoconfigure.web.client.MockRestServiceServerResetTestExecutionListener, org.springframework.boot.test.autoconfigure.web.servlet.MockMvcPrintOnlyOnFailureTestExecutionListener, org.springframework.boot.test.autoconfigure.web.servlet.WebDriverTestExecutionListener, org.springframework.boot.test.autoconfigure.webservices.client.MockWebServiceServerTestExecutionListener, org.springframework.test.context.web.ServletTestExecutionListener, org.springframework.test.context.support.DirtiesContextBeforeModesTestExecutionListener, org.springframework.test.context.event.ApplicationEventsTestExecutionListener, org.springframework.test.context.support.DependencyInjectionTestExecutionListener, org.springframework.test.context.support.DirtiesContextTestExecutionListener, org.springframework.test.context.transaction.TransactionalTestExecutionListener, org.springframework.test.context.jdbc.SqlScriptsTestExecutionListener, org.springframework.test.context.event.EventPublishingTestExecutionListener]
14:33:51.980 [main] INFO org.springframework.boot.test.context.SpringBootTestContextBootstrapper - Using TestExecutionListeners: [org.springframework.test.context.web.ServletTestExecutionListener@e041f0c, org.springframework.test.context.support.DirtiesContextBeforeModesTestExecutionListener@6a175569, org.springframework.test.context.event.ApplicationEventsTestExecutionListener@11963225, org.springframework.boot.test.mock.mockito.MockitoTestExecutionListener@3f3c966c, org.springframework.boot.test.autoconfigure.SpringBootDependencyInjectionTestExecutionListener@11ee02f8, org.springframework.test.context.support.DirtiesContextTestExecutionListener@4102b1b1, org.springframework.test.context.transaction.TransactionalTestExecutionListener@61a5b4ae, org.springframework.test.context.jdbc.SqlScriptsTestExecutionListener@3a71c100, org.springframework.test.context.event.EventPublishingTestExecutionListener@5b69fd74, org.springframework.boot.test.mock.mockito.ResetMocksTestExecutionListener@f325091, org.springframework.boot.test.autoconfigure.restdocs.RestDocsTestExecutionListener@437e951d, org.springframework.boot.test.autoconfigure.web.client.MockRestServiceServerResetTestExecutionListener@77b325b3, org.springframework.boot.test.autoconfigure.web.servlet.MockMvcPrintOnlyOnFailureTestExecutionListener@63a5e46c, org.springframework.boot.test.autoconfigure.web.servlet.WebDriverTestExecutionListener@7e8e8651, org.springframework.boot.test.autoconfigure.webservices.client.MockWebServiceServerTestExecutionListener@49ef32e0]
14:33:51.985 [main] DEBUG org.springframework.test.context.support.AbstractDirtiesContextTestExecutionListener - After test class: context [DefaultTestContext@79c4715d testClass = CarControllerTest, testInstance = [null], testMethod = [null], testException = [null], mergedContextConfiguration = [WebMergedContextConfiguration@5aa360ea testClass = CarControllerTest, locations = '{}', classes = '{class lab6.CarApplication}', contextInitializerClasses = '[]', activeProfiles = '{}', propertySourceLocations = '{}', propertySourceProperties = '{spring.jpa.hibernate.ddl-auto=create, org.springframework.boot.test.context.SpringBootTestContextBootstrapper=true, server.port=0}', contextCustomizers = set[[ImportsContextCustomizer@6548bb7d key = [org.springframework.boot.test.autoconfigure.web.servlet.MockMvcAutoConfiguration, org.springframework.boot.test.autoconfigure.web.servlet.MockMvcWebClientAutoConfiguration, org.springframework.boot.test.autoconfigure.web.servlet.MockMvcWebDriverAutoConfiguration, org.springframework.boot.autoconfigure.security.oauth2.client.servlet.OAuth2ClientAutoConfiguration, org.springframework.boot.autoconfigure.security.oauth2.resource.servlet.OAuth2ResourceServerAutoConfiguration, org.springframework.boot.autoconfigure.security.servlet.SecurityAutoConfiguration, org.springframework.boot.autoconfigure.security.servlet.SecurityFilterAutoConfiguration, org.springframework.boot.autoconfigure.security.servlet.UserDetailsServiceAutoConfiguration, org.springframework.boot.test.autoconfigure.web.servlet.MockMvcSecurityConfiguration, org.springframework.boot.test.autoconfigure.web.reactive.WebTestClientAutoConfiguration]], org.springframework.boot.test.context.filter.ExcludeFilterContextCustomizer@6111ba37, org.springframework.boot.test.json.DuplicateJsonObjectContextCustomizerFactory$DuplicateJsonObjectContextCustomizer@5b11a194, org.springframework.boot.test.mock.mockito.MockitoContextCustomizer@0, org.springframework.boot.test.web.client.TestRestTemplateContextCustomizer@4e28bdd1, org.springframework.boot.test.autoconfigure.actuate.metrics.MetricsExportContextCustomizerFactory$DisableMetricExportContextCustomizer@3a62c01e, org.springframework.boot.test.autoconfigure.properties.PropertyMappingContextCustomizer@4b3fa0b3, org.springframework.boot.test.autoconfigure.web.servlet.WebDriverContextCustomizerFactory$Customizer@2dbe250d, org.springframework.test.context.support.DynamicPropertiesContextCustomizer@7ec9c58e, org.springframework.boot.test.context.SpringBootTestArgs@1, org.springframework.boot.test.context.SpringBootTestWebEnvironment@5bcea91b], resourceBasePath = 'src/main/webapp', contextLoader = 'org.springframework.boot.test.context.SpringBootContextLoader', parent = [null]], attributes = map['org.springframework.test.context.web.ServletTestExecutionListener.activateListener' -> false]], class annotated with @DirtiesContext [false] with mode [null].
]]></system-out>
  </testcase>
</testsuite>